[2022-01-18 22:09:43.126600] Starting Controller...
[2022-01-18 22:09:43.126759] Received request [13f63cf9-1c99-455d-8f3f-92fbd7db0449] with 5 Tasks.
[2022-01-18 22:09:43.126821] Received request [8c7f2257-0f31-41ac-b6f9-78f6b641a452] with 4 Tasks.
[2022-01-18 22:09:43.126862] Received request [c6aa363b-3d77-4b05-a0f1-f249ff7a40ee] with 3 Tasks.
[2022-01-18 22:09:43.126912] Received request [4eece960-9c6e-4479-9238-814d10aad6bd] with 3 Tasks.
[2022-01-18 22:09:43.126982] Querying Load Balancer for request [13f63cf9-1c99-455d-8f3f-92fbd7db0449]
[2022-01-18 22:09:43.127036] Received request [078c605a-40d3-49b1-82db-d8f2fbcb678a] with 4 Tasks.
[2022-01-18 22:09:43.127130] Received request [eaf1826b-9198-4f0f-8dc9-5c7791b4beb4] with 3 Tasks.
[2022-01-18 22:09:43.127240] Received request [861e7c5b-85cd-4e19-a016-e87cd10a7c67] with 4 Tasks.
[2022-01-18 22:09:43.127317] Received request [53746068-1dbc-4cc8-8d8e-e5edd04f8b43] with 2 Tasks.
[2022-01-18 22:09:43.127385] Received request [8caf3a5f-1044-49df-a747-648d21f6779a] with 2 Tasks.
[2022-01-18 22:09:43.127449] Received request [f02dfbd0-da30-4855-8d7b-0b313b184eea] with 2 Tasks.
[2022-01-18 22:09:43.127512] Received request [a04e873e-c47f-4f52-a278-b62f62d2e1f6] with 1 Tasks.
[2022-01-18 22:09:43.127593] Received request [5850547d-578c-44cc-879c-954bd8abd547] with 3 Tasks.
[2022-01-18 22:09:43.127688] Received request [a7fc0b64-1c5a-4d73-b892-e848e7a6f245] with 4 Tasks.
[2022-01-18 22:09:43.127801] Received request [e2009810-b97b-4e87-acc9-633f08452c4f] with 5 Tasks.
[2022-01-18 22:09:43.127878] Received request [75663009-0c22-4794-9a8c-fcdf54f875fa] with 3 Tasks.
[2022-01-18 22:09:43.127964] Received request [0ce69aa3-1108-45ef-a777-eed589d3a4cc] with 5 Tasks.
[2022-01-18 22:09:43.128034] Received request [aa0ead2f-d72a-4b28-80b6-bb71033f9d21] with 3 Tasks.
[2022-01-18 22:09:43.128082] Received request [a108650f-8b54-42fd-9b66-b7f3887c27ba] with 3 Tasks.
[2022-01-18 22:09:43.128109] Received request [f491e4ac-2fea-4643-9d40-f28240740523] with 1 Tasks.
[2022-01-18 22:09:43.128154] Received request [8ec9d7ef-982d-4b78-b4bc-80c6a95558e7] with 4 Tasks.
[2022-01-18 22:09:43.128281] Load Balancer has chosen Virtual Machine [Thread-2] for request [13f63cf9-1c99-455d-8f3f-92fbd7db0449]
[2022-01-18 22:09:43.128295] Sending request [13f63cf9-1c99-455d-8f3f-92fbd7db0449] to virtualMachine [Thread-2]
[2022-01-18 22:09:43.128332] Querying Load Balancer for request [8c7f2257-0f31-41ac-b6f9-78f6b641a452]
[2022-01-18 22:09:43.128443] Received request [9b9ee3b9-48bb-459e-a14d-2b77d4124316] with 2 Tasks.
[2022-01-18 22:09:43.128545] Received request [8bb3f818-2c3b-479b-bc22-3030fa487f1f] with 5 Tasks.
[2022-01-18 22:09:43.128580] Received request [104fb31c-adc2-4b14-8225-a347d779e632] with 1 Tasks.
[2022-01-18 22:09:43.128641] Received request [5b3de3b4-7216-441b-aebc-a16301545f09] with 5 Tasks.
[2022-01-18 22:09:43.128676] Received request [a43ed0c8-7e62-45fa-b652-7f7bf25947b6] with 2 Tasks.
[2022-01-18 22:09:43.128714] Received request [fdc5331a-e061-4d0d-8b7d-f9a37e3508d5] with 3 Tasks.
[2022-01-18 22:09:43.128754] Received request [91e619ce-108e-4203-a466-f9f3896ab22f] with 3 Tasks.
[2022-01-18 22:09:43.128813] Received request [4adf23b7-906a-445e-96d6-f6bd56f9d025] with 5 Tasks.
[2022-01-18 22:09:43.128846] Received request [3bcba0de-49c5-4814-bc3e-2c6ba239a8b4] with 2 Tasks.
[2022-01-18 22:09:43.128909] Received request [54d8726a-4eb9-4402-a816-530f0f6c5956] with 5 Tasks.
[2022-01-18 22:09:43.128947] Received request [2057188c-c42a-4030-8887-10570145c222] with 3 Tasks.
[2022-01-18 22:09:43.128980] Received request [acb05f90-304a-407a-8fdd-bccc465d4d5a] with 2 Tasks.
[2022-01-18 22:09:43.129003] Received request [e579c630-a5fd-43c8-8932-4f9e753a1b0d] with 1 Tasks.
[2022-01-18 22:09:43.129065] Load Balancer has chosen Virtual Machine [Thread-1] for request [8c7f2257-0f31-41ac-b6f9-78f6b641a452]
[2022-01-18 22:09:43.129075] Sending request [8c7f2257-0f31-41ac-b6f9-78f6b641a452] to virtualMachine [Thread-1]
[2022-01-18 22:09:43.129116] Querying Load Balancer for request [c6aa363b-3d77-4b05-a0f1-f249ff7a40ee]
[2022-01-18 22:09:43.129174] Load Balancer has chosen Virtual Machine [Thread-2] for request [c6aa363b-3d77-4b05-a0f1-f249ff7a40ee]
[2022-01-18 22:09:43.129181] Sending request [c6aa363b-3d77-4b05-a0f1-f249ff7a40ee] to virtualMachine [Thread-2]
[2022-01-18 22:09:43.129197] Querying Load Balancer for request [4eece960-9c6e-4479-9238-814d10aad6bd]
[2022-01-18 22:09:43.129251] Load Balancer has chosen Virtual Machine [Thread-1] for request [4eece960-9c6e-4479-9238-814d10aad6bd]
[2022-01-18 22:09:43.129257] Sending request [4eece960-9c6e-4479-9238-814d10aad6bd] to virtualMachine [Thread-1]
[2022-01-18 22:09:43.129272] Querying Load Balancer for request [078c605a-40d3-49b1-82db-d8f2fbcb678a]
[2022-01-18 22:09:43.129323] Load Balancer has chosen Virtual Machine [Thread-1] for request [078c605a-40d3-49b1-82db-d8f2fbcb678a]
[2022-01-18 22:09:43.129331] Sending request [078c605a-40d3-49b1-82db-d8f2fbcb678a] to virtualMachine [Thread-1]
[2022-01-18 22:09:43.129354] Querying Load Balancer for request [eaf1826b-9198-4f0f-8dc9-5c7791b4beb4]
[2022-01-18 22:09:43.129413] Load Balancer has chosen Virtual Machine [Thread-3] for request [eaf1826b-9198-4f0f-8dc9-5c7791b4beb4]
[2022-01-18 22:09:43.129419] Sending request [eaf1826b-9198-4f0f-8dc9-5c7791b4beb4] to virtualMachine [Thread-3]
[2022-01-18 22:09:43.129439] Querying Load Balancer for request [861e7c5b-85cd-4e19-a016-e87cd10a7c67]
[2022-01-18 22:09:43.129486] Load Balancer has chosen Virtual Machine [Thread-2] for request [861e7c5b-85cd-4e19-a016-e87cd10a7c67]
[2022-01-18 22:09:43.129493] Sending request [861e7c5b-85cd-4e19-a016-e87cd10a7c67] to virtualMachine [Thread-2]
[2022-01-18 22:09:43.129508] Querying Load Balancer for request [53746068-1dbc-4cc8-8d8e-e5edd04f8b43]
[2022-01-18 22:09:43.129568] Load Balancer has chosen Virtual Machine [Thread-3] for request [53746068-1dbc-4cc8-8d8e-e5edd04f8b43]
[2022-01-18 22:09:43.129573] Sending request [53746068-1dbc-4cc8-8d8e-e5edd04f8b43] to virtualMachine [Thread-3]
[2022-01-18 22:09:43.129588] Querying Load Balancer for request [8caf3a5f-1044-49df-a747-648d21f6779a]
[2022-01-18 22:09:43.129643] Load Balancer has chosen Virtual Machine [Thread-2] for request [8caf3a5f-1044-49df-a747-648d21f6779a]
[2022-01-18 22:09:43.129651] Sending request [8caf3a5f-1044-49df-a747-648d21f6779a] to virtualMachine [Thread-2]
[2022-01-18 22:09:43.129670] Querying Load Balancer for request [f02dfbd0-da30-4855-8d7b-0b313b184eea]
[2022-01-18 22:09:43.129722] Load Balancer has chosen Virtual Machine [Thread-1] for request [f02dfbd0-da30-4855-8d7b-0b313b184eea]
[2022-01-18 22:09:43.129727] Sending request [f02dfbd0-da30-4855-8d7b-0b313b184eea] to virtualMachine [Thread-1]
[2022-01-18 22:09:43.129745] Querying Load Balancer for request [a04e873e-c47f-4f52-a278-b62f62d2e1f6]
[2022-01-18 22:09:43.129930] Received request [a69397eb-7b3a-4cc1-8619-22066aaae25f] with 5 Tasks.
[2022-01-18 22:09:43.130016] Received request [ffb13a6b-dcea-4ab6-9a6e-d23469d7dc92] with 5 Tasks.
[2022-01-18 22:09:43.130087] Received request [f57d5a8a-db75-4971-a72e-1dd10993337c] with 4 Tasks.
[2022-01-18 22:09:43.130152] Received request [3cf30a35-befe-4a7e-8716-f44fdbaa3dbe] with 4 Tasks.
[2022-01-18 22:09:43.130230] Received request [7bea1773-9d22-4b11-9cac-929858feef95] with 5 Tasks.
[2022-01-18 22:09:43.130265] Received request [0f3b5257-f94b-4988-b1b3-9d52ccf7b836] with 1 Tasks.
[2022-01-18 22:09:43.130296] Received request [cb06a0d9-e3d5-45c4-8698-ac96c8345e42] with 1 Tasks.
[2022-01-18 22:09:43.130349] Received request [d8624498-e430-41bf-a5c6-42d4f4563b4b] with 3 Tasks.
[2022-01-18 22:09:43.130462] Received request [6b138d8e-b64f-4d6d-bda5-53ca2d3f3bec] with 2 Tasks.
[2022-01-18 22:09:43.130558] Received request [dec91c7e-9c25-43e6-90a6-0f1837ee6297] with 5 Tasks.
[2022-01-18 22:09:43.130589] Received request [969c07a2-ae63-4041-bf90-dc0a51a71748] with 1 Tasks.
[2022-01-18 22:09:43.130663] Received request [552a2b68-acdb-4903-86a2-2ed664537cc0] with 5 Tasks.
[2022-01-18 22:09:43.130693] Received request [15842a53-8057-4e53-be21-e147ded8e588] with 1 Tasks.
[2022-01-18 22:09:43.130750] Received request [f300dfe0-2fc5-436f-9737-5caadb0d03be] with 3 Tasks.
[2022-01-18 22:09:43.130820] Load Balancer has chosen Virtual Machine [Thread-1] for request [a04e873e-c47f-4f52-a278-b62f62d2e1f6]
[2022-01-18 22:09:43.130833] Sending request [a04e873e-c47f-4f52-a278-b62f62d2e1f6] to virtualMachine [Thread-1]
[2022-01-18 22:09:43.130852] Querying Load Balancer for request [5850547d-578c-44cc-879c-954bd8abd547]
[2022-01-18 22:09:43.130914] Received request [34186195-b88a-4650-a173-ff8f0ac247e1] with 1 Tasks.
[2022-01-18 22:09:43.130971] Received request [947d8e44-32a6-4925-8b4f-fa10541ceeea] with 3 Tasks.
[2022-01-18 22:09:43.131024] Received request [371bcc6b-4fee-45b5-bfd9-0330070bd610] with 5 Tasks.
[2022-01-18 22:09:43.131070] Received request [2eeca527-1176-4bce-91ab-5fdcab423ed9] with 4 Tasks.
[2022-01-18 22:09:43.131144] Received request [ed3c3d54-42ab-4cd5-a52d-558abbc9c730] with 3 Tasks.
[2022-01-18 22:09:43.131195] Received request [838e7b2a-3292-488e-96a8-2f63b33ceb47] with 2 Tasks.
[2022-01-18 22:09:43.131222] Received request [5b1ad84b-605d-4b87-9319-70552a9aba7f] with 1 Tasks.
[2022-01-18 22:09:43.131270] Received request [197cfacc-4c38-41b7-92e4-a2bce84091c5] with 4 Tasks.
[2022-01-18 22:09:43.131324] Received request [4027e50f-8683-4144-a5ea-638c5dd7eebc] with 1 Tasks.
[2022-01-18 22:09:43.131398] Received request [f172dfa7-680f-4fa3-a14c-961d49e41bb1] with 3 Tasks.
[2022-01-18 22:09:43.131446] Received request [a5f4108a-2f5b-4368-833d-4bacb0555c29] with 2 Tasks.
[2022-01-18 22:09:43.131481] Received request [d247f7ff-3525-48e6-b1c4-9eecdff52143] with 1 Tasks.
[2022-01-18 22:09:43.131562] Received request [9898a0b5-e298-4bd9-a7be-bb017e1e70f7] with 5 Tasks.
[2022-01-18 22:09:43.131631] Received request [3987b2ab-347e-407f-9dfc-a24ff7ab2499] with 4 Tasks.
[2022-01-18 22:09:43.131700] Received request [3c06d9c5-3d58-4b11-90ce-174a530c30a7] with 4 Tasks.
[2022-01-18 22:09:43.131739] Received request [b9901fd5-f29c-463f-b1f3-55f466e966c5] with 1 Tasks.
[2022-01-18 22:09:43.131785] Received request [7bdbe00f-8d61-43f3-9c29-aaeb19b316f9] with 2 Tasks.
[2022-01-18 22:09:43.131819] Received request [5106506e-eb92-44e8-8794-fabf7b18c541] with 1 Tasks.
[2022-01-18 22:09:43.131853] Received request [d9671858-4261-4d13-8034-270074b18319] with 1 Tasks.
[2022-01-18 22:09:43.131934] Received request [4e5b550e-191f-43f5-a959-cef320d96e3a] with 5 Tasks.
[2022-01-18 22:09:43.132016] Received request [d396d005-5b02-41c5-9a9d-30cea9e33666] with 5 Tasks.
[2022-01-18 22:09:43.132061] Received request [db468653-c909-41eb-87a8-8856a274dedd] with 2 Tasks.
[2022-01-18 22:09:43.132130] Received request [8f281466-8a6d-40e8-a16a-220d22e0e6ed] with 4 Tasks.
[2022-01-18 22:09:43.132164] Received request [35b7d8d4-0f47-4b22-b1e8-14299d39b44c] with 1 Tasks.
[2022-01-18 22:09:43.132200] Received request [efd948b6-7041-4e0f-89e5-4d43fd4e7603] with 1 Tasks.
[2022-01-18 22:09:43.132246] Received request [cf6bd57e-aa18-4fcb-8fce-cdbab6acfd46] with 2 Tasks.
[2022-01-18 22:09:43.132315] Received request [7e24efba-9ac4-47d2-9684-480d2cd0fcaa] with 4 Tasks.
[2022-01-18 22:09:43.132373] Received request [df42d0d2-ca67-4d82-a353-1b7a0ddebf46] with 3 Tasks.
[2022-01-18 22:09:43.132410] Received request [3d1a4fb6-ef3c-43f0-9a3f-cf705a7fba67] with 1 Tasks.
[2022-01-18 22:09:43.132445] Received request [e6c48dd0-b559-47e4-b313-596bdd20bf89] with 1 Tasks.
[2022-01-18 22:09:43.132478] Received request [0f32b2fe-c3af-405f-a644-86a27b3e6fc5] with 1 Tasks.
[2022-01-18 22:09:43.132523] Received request [ef9384f1-8e85-423c-b728-5ac898050982] with 2 Tasks.
[2022-01-18 22:09:43.132604] Received request [dc35c427-b816-4d22-922e-82715a72db87] with 5 Tasks.
[2022-01-18 22:09:43.132638] Received request [23399a3f-ec4e-4306-8440-60ff2c7c5f99] with 1 Tasks.
[2022-01-18 22:09:43.132687] Received request [11987a47-8bfc-43b0-b470-762f3e3aa456] with 2 Tasks.
[2022-01-18 22:09:43.132768] Received request [0afa5b64-a143-435b-9fe9-0e51104bc5ca] with 5 Tasks.
[2022-01-18 22:09:43.132828] Received request [470806cd-71e3-4b7f-818e-47764f6e27a3] with 3 Tasks.
[2022-01-18 22:09:43.132910] Received request [8bbaecfb-6e14-45b7-afa5-60fa15afe55b] with 5 Tasks.
[2022-01-18 22:09:43.132955] Received request [573616ce-6452-4e43-86ec-7650d85bccd9] with 2 Tasks.
[2022-01-18 22:09:43.132989] Received request [a751037e-f46f-4cba-aa8b-45ed4a23fd7a] with 1 Tasks.
[2022-01-18 22:09:43.133025] Received request [71ef537b-3b0e-4b66-9ec6-aeb669b728c1] with 1 Tasks.
[2022-01-18 22:09:43.133098] Received request [cafd2c72-2fdf-48df-96c6-b69b1375d820] with 4 Tasks.
[2022-01-18 22:09:43.133179] Received request [ee1e7e40-5422-4e5c-9c4b-b23878ec37f3] with 5 Tasks.
[2022-01-18 22:09:43.133247] Received request [cc16a230-c75d-4c57-a9ad-0b7f8824dc85] with 4 Tasks.
[2022-01-18 22:09:43.133284] Received request [19011a0f-f3cc-42c1-9c79-c22dfeb662fd] with 1 Tasks.
[2022-01-18 22:09:43.133319] Received request [dded5840-10e0-4d9f-aeea-db0d06950dea] with 1 Tasks.
[2022-01-18 22:09:43.133365] Received request [5591a9a6-ed85-4baa-a203-e5a2c7c6a781] with 2 Tasks.
[2022-01-18 22:09:43.133422] Received request [623b8c22-ed32-4893-a974-f0f21e1c6cf3] with 3 Tasks.
[2022-01-18 22:09:43.133467] Received request [773ce800-2d05-40e3-a1c4-c264ce2c93b9] with 2 Tasks.
[2022-01-18 22:09:43.133548] Received request [0c6ae5a7-01e7-4471-b37a-a64acd58091a] with 5 Tasks.
[2022-01-18 22:09:43.133605] Received request [63dea8b5-f3ac-4c62-a926-42fc8b6dca1d] with 3 Tasks.
[2022-01-18 22:09:43.133676] Received request [32d18068-f62b-477e-8aad-fadd342cc880] with 4 Tasks.
[2022-01-18 22:09:43.133709] Received request [6ba3161c-3a0e-4eae-b6cc-1ed03b88fac6] with 1 Tasks.
[2022-01-18 22:09:43.133899] Load Balancer has chosen Virtual Machine [Thread-3] for request [5850547d-578c-44cc-879c-954bd8abd547]
[2022-01-18 22:09:43.133906] Sending request [5850547d-578c-44cc-879c-954bd8abd547] to virtualMachine [Thread-3]
[2022-01-18 22:09:43.133927] Querying Load Balancer for request [a7fc0b64-1c5a-4d73-b892-e848e7a6f245]
[2022-01-18 22:09:43.133969] Load Balancer has chosen Virtual Machine [Thread-2] for request [a7fc0b64-1c5a-4d73-b892-e848e7a6f245]
[2022-01-18 22:09:43.133975] Sending request [a7fc0b64-1c5a-4d73-b892-e848e7a6f245] to virtualMachine [Thread-2]
[2022-01-18 22:09:43.133998] Querying Load Balancer for request [e2009810-b97b-4e87-acc9-633f08452c4f]
[2022-01-18 22:09:43.134042] Load Balancer has chosen Virtual Machine [Thread-2] for request [e2009810-b97b-4e87-acc9-633f08452c4f]
[2022-01-18 22:09:43.134049] Sending request [e2009810-b97b-4e87-acc9-633f08452c4f] to virtualMachine [Thread-2]
[2022-01-18 22:09:43.134064] Querying Load Balancer for request [75663009-0c22-4794-9a8c-fcdf54f875fa]
[2022-01-18 22:09:43.134098] Load Balancer has chosen Virtual Machine [Thread-1] for request [75663009-0c22-4794-9a8c-fcdf54f875fa]
[2022-01-18 22:09:43.134103] Sending request [75663009-0c22-4794-9a8c-fcdf54f875fa] to virtualMachine [Thread-1]
[2022-01-18 22:09:43.134120] Querying Load Balancer for request [0ce69aa3-1108-45ef-a777-eed589d3a4cc]
[2022-01-18 22:09:43.134154] Load Balancer has chosen Virtual Machine [Thread-3] for request [0ce69aa3-1108-45ef-a777-eed589d3a4cc]
[2022-01-18 22:09:43.134159] Sending request [0ce69aa3-1108-45ef-a777-eed589d3a4cc] to virtualMachine [Thread-3]
[2022-01-18 22:09:43.134175] Querying Load Balancer for request [aa0ead2f-d72a-4b28-80b6-bb71033f9d21]
[2022-01-18 22:09:43.134210] Load Balancer has chosen Virtual Machine [Thread-1] for request [aa0ead2f-d72a-4b28-80b6-bb71033f9d21]
[2022-01-18 22:09:43.134218] Sending request [aa0ead2f-d72a-4b28-80b6-bb71033f9d21] to virtualMachine [Thread-1]
[2022-01-18 22:09:43.134241] Querying Load Balancer for request [a108650f-8b54-42fd-9b66-b7f3887c27ba]
[2022-01-18 22:09:43.134280] Load Balancer has chosen Virtual Machine [Thread-1] for request [a108650f-8b54-42fd-9b66-b7f3887c27ba]
[2022-01-18 22:09:43.134285] Sending request [a108650f-8b54-42fd-9b66-b7f3887c27ba] to virtualMachine [Thread-1]
[2022-01-18 22:09:43.134302] Querying Load Balancer for request [f491e4ac-2fea-4643-9d40-f28240740523]
[2022-01-18 22:09:43.134397] Load Balancer has chosen Virtual Machine [Thread-1] for request [f491e4ac-2fea-4643-9d40-f28240740523]
[2022-01-18 22:09:43.134409] Sending request [f491e4ac-2fea-4643-9d40-f28240740523] to virtualMachine [Thread-1]
[2022-01-18 22:09:43.134505] Querying Load Balancer for request [8ec9d7ef-982d-4b78-b4bc-80c6a95558e7]
[2022-01-18 22:09:43.134563] Load Balancer has chosen Virtual Machine [Thread-1] for request [8ec9d7ef-982d-4b78-b4bc-80c6a95558e7]
[2022-01-18 22:09:43.134573] Sending request [8ec9d7ef-982d-4b78-b4bc-80c6a95558e7] to virtualMachine [Thread-1]
[2022-01-18 22:09:43.134592] Querying Load Balancer for request [9b9ee3b9-48bb-459e-a14d-2b77d4124316]
[2022-01-18 22:09:43.134642] Load Balancer has chosen Virtual Machine [Thread-1] for request [9b9ee3b9-48bb-459e-a14d-2b77d4124316]
[2022-01-18 22:09:43.134651] Sending request [9b9ee3b9-48bb-459e-a14d-2b77d4124316] to virtualMachine [Thread-1]
[2022-01-18 22:09:43.134676] Querying Load Balancer for request [8bb3f818-2c3b-479b-bc22-3030fa487f1f]
[2022-01-18 22:09:43.134737] Load Balancer has chosen Virtual Machine [Thread-2] for request [8bb3f818-2c3b-479b-bc22-3030fa487f1f]
[2022-01-18 22:09:43.134747] Sending request [8bb3f818-2c3b-479b-bc22-3030fa487f1f] to virtualMachine [Thread-2]
[2022-01-18 22:09:43.134775] Querying Load Balancer for request [104fb31c-adc2-4b14-8225-a347d779e632]
[2022-01-18 22:09:43.134834] Load Balancer has chosen Virtual Machine [Thread-2] for request [104fb31c-adc2-4b14-8225-a347d779e632]
[2022-01-18 22:09:43.134840] Sending request [104fb31c-adc2-4b14-8225-a347d779e632] to virtualMachine [Thread-2]
[2022-01-18 22:09:43.134855] Querying Load Balancer for request [5b3de3b4-7216-441b-aebc-a16301545f09]
[2022-01-18 22:09:43.134901] Load Balancer has chosen Virtual Machine [Thread-3] for request [5b3de3b4-7216-441b-aebc-a16301545f09]
[2022-01-18 22:09:43.134911] Sending request [5b3de3b4-7216-441b-aebc-a16301545f09] to virtualMachine [Thread-3]
[2022-01-18 22:09:43.134937] Querying Load Balancer for request [a43ed0c8-7e62-45fa-b652-7f7bf25947b6]
[2022-01-18 22:09:43.134993] Load Balancer has chosen Virtual Machine [Thread-3] for request [a43ed0c8-7e62-45fa-b652-7f7bf25947b6]
[2022-01-18 22:09:43.134999] Sending request [a43ed0c8-7e62-45fa-b652-7f7bf25947b6] to virtualMachine [Thread-3]
[2022-01-18 22:09:43.135014] Querying Load Balancer for request [fdc5331a-e061-4d0d-8b7d-f9a37e3508d5]
[2022-01-18 22:09:43.135048] Load Balancer has chosen Virtual Machine [Thread-1] for request [fdc5331a-e061-4d0d-8b7d-f9a37e3508d5]
[2022-01-18 22:09:43.135052] Sending request [fdc5331a-e061-4d0d-8b7d-f9a37e3508d5] to virtualMachine [Thread-1]
[2022-01-18 22:09:43.135067] Querying Load Balancer for request [91e619ce-108e-4203-a466-f9f3896ab22f]
[2022-01-18 22:09:43.135100] Load Balancer has chosen Virtual Machine [Thread-1] for request [91e619ce-108e-4203-a466-f9f3896ab22f]
[2022-01-18 22:09:43.135105] Sending request [91e619ce-108e-4203-a466-f9f3896ab22f] to virtualMachine [Thread-1]
[2022-01-18 22:09:43.135119] Querying Load Balancer for request [4adf23b7-906a-445e-96d6-f6bd56f9d025]
[2022-01-18 22:09:43.135155] Load Balancer has chosen Virtual Machine [Thread-2] for request [4adf23b7-906a-445e-96d6-f6bd56f9d025]
[2022-01-18 22:09:43.135163] Sending request [4adf23b7-906a-445e-96d6-f6bd56f9d025] to virtualMachine [Thread-2]
[2022-01-18 22:09:43.135189] Querying Load Balancer for request [3bcba0de-49c5-4814-bc3e-2c6ba239a8b4]
[2022-01-18 22:09:43.135251] Load Balancer has chosen Virtual Machine [Thread-2] for request [3bcba0de-49c5-4814-bc3e-2c6ba239a8b4]
[2022-01-18 22:09:43.135261] Sending request [3bcba0de-49c5-4814-bc3e-2c6ba239a8b4] to virtualMachine [Thread-2]
[2022-01-18 22:09:43.135282] Querying Load Balancer for request [54d8726a-4eb9-4402-a816-530f0f6c5956]
[2022-01-18 22:09:43.135334] Load Balancer has chosen Virtual Machine [Thread-3] for request [54d8726a-4eb9-4402-a816-530f0f6c5956]
[2022-01-18 22:09:43.135344] Sending request [54d8726a-4eb9-4402-a816-530f0f6c5956] to virtualMachine [Thread-3]
[2022-01-18 22:09:43.135371] Querying Load Balancer for request [2057188c-c42a-4030-8887-10570145c222]
[2022-01-18 22:09:43.135412] Load Balancer has chosen Virtual Machine [Thread-3] for request [2057188c-c42a-4030-8887-10570145c222]
[2022-01-18 22:09:43.135418] Sending request [2057188c-c42a-4030-8887-10570145c222] to virtualMachine [Thread-3]
[2022-01-18 22:09:43.135433] Querying Load Balancer for request [acb05f90-304a-407a-8fdd-bccc465d4d5a]
[2022-01-18 22:09:43.135468] Load Balancer has chosen Virtual Machine [Thread-1] for request [acb05f90-304a-407a-8fdd-bccc465d4d5a]
[2022-01-18 22:09:43.135476] Sending request [acb05f90-304a-407a-8fdd-bccc465d4d5a] to virtualMachine [Thread-1]
[2022-01-18 22:09:43.135502] Querying Load Balancer for request [e579c630-a5fd-43c8-8932-4f9e753a1b0d]
[2022-01-18 22:09:43.135563] Load Balancer has chosen Virtual Machine [Thread-1] for request [e579c630-a5fd-43c8-8932-4f9e753a1b0d]
[2022-01-18 22:09:43.135569] Sending request [e579c630-a5fd-43c8-8932-4f9e753a1b0d] to virtualMachine [Thread-1]
[2022-01-18 22:09:43.135584] Querying Load Balancer for request [a69397eb-7b3a-4cc1-8619-22066aaae25f]
[2022-01-18 22:09:43.135626] Load Balancer has chosen Virtual Machine [Thread-2] for request [a69397eb-7b3a-4cc1-8619-22066aaae25f]
[2022-01-18 22:09:43.135635] Sending request [a69397eb-7b3a-4cc1-8619-22066aaae25f] to virtualMachine [Thread-2]
[2022-01-18 22:09:43.135661] Querying Load Balancer for request [ffb13a6b-dcea-4ab6-9a6e-d23469d7dc92]
[2022-01-18 22:09:43.135788] Load Balancer has chosen Virtual Machine [Thread-1] for request [ffb13a6b-dcea-4ab6-9a6e-d23469d7dc92]
[2022-01-18 22:09:43.135798] Sending request [ffb13a6b-dcea-4ab6-9a6e-d23469d7dc92] to virtualMachine [Thread-1]
[2022-01-18 22:09:43.135817] Querying Load Balancer for request [f57d5a8a-db75-4971-a72e-1dd10993337c]
[2022-01-18 22:09:43.135861] Load Balancer has chosen Virtual Machine [Thread-2] for request [f57d5a8a-db75-4971-a72e-1dd10993337c]
[2022-01-18 22:09:43.135870] Sending request [f57d5a8a-db75-4971-a72e-1dd10993337c] to virtualMachine [Thread-2]
[2022-01-18 22:09:43.135897] Querying Load Balancer for request [3cf30a35-befe-4a7e-8716-f44fdbaa3dbe]
[2022-01-18 22:09:43.135951] Load Balancer has chosen Virtual Machine [Thread-1] for request [3cf30a35-befe-4a7e-8716-f44fdbaa3dbe]
[2022-01-18 22:09:43.135956] Sending request [3cf30a35-befe-4a7e-8716-f44fdbaa3dbe] to virtualMachine [Thread-1]
[2022-01-18 22:09:43.135972] Querying Load Balancer for request [7bea1773-9d22-4b11-9cac-929858feef95]
[2022-01-18 22:09:43.136011] Load Balancer has chosen Virtual Machine [Thread-2] for request [7bea1773-9d22-4b11-9cac-929858feef95]
[2022-01-18 22:09:43.136034] Sending request [7bea1773-9d22-4b11-9cac-929858feef95] to virtualMachine [Thread-2]
[2022-01-18 22:09:43.136059] Querying Load Balancer for request [0f3b5257-f94b-4988-b1b3-9d52ccf7b836]
[2022-01-18 22:09:43.136107] Load Balancer has chosen Virtual Machine [Thread-1] for request [0f3b5257-f94b-4988-b1b3-9d52ccf7b836]
[2022-01-18 22:09:43.136113] Sending request [0f3b5257-f94b-4988-b1b3-9d52ccf7b836] to virtualMachine [Thread-1]
[2022-01-18 22:09:43.136128] Querying Load Balancer for request [cb06a0d9-e3d5-45c4-8698-ac96c8345e42]
[2022-01-18 22:09:43.136169] Load Balancer has chosen Virtual Machine [Thread-2] for request [cb06a0d9-e3d5-45c4-8698-ac96c8345e42]
[2022-01-18 22:09:43.136178] Sending request [cb06a0d9-e3d5-45c4-8698-ac96c8345e42] to virtualMachine [Thread-2]
[2022-01-18 22:09:43.136193] Querying Load Balancer for request [d8624498-e430-41bf-a5c6-42d4f4563b4b]
[2022-01-18 22:09:43.136236] Load Balancer has chosen Virtual Machine [Thread-3] for request [d8624498-e430-41bf-a5c6-42d4f4563b4b]
[2022-01-18 22:09:43.136242] Sending request [d8624498-e430-41bf-a5c6-42d4f4563b4b] to virtualMachine [Thread-3]
[2022-01-18 22:09:43.136256] Querying Load Balancer for request [6b138d8e-b64f-4d6d-bda5-53ca2d3f3bec]
[2022-01-18 22:09:43.136289] Load Balancer has chosen Virtual Machine [Thread-3] for request [6b138d8e-b64f-4d6d-bda5-53ca2d3f3bec]
[2022-01-18 22:09:43.136294] Sending request [6b138d8e-b64f-4d6d-bda5-53ca2d3f3bec] to virtualMachine [Thread-3]
[2022-01-18 22:09:43.136308] Querying Load Balancer for request [dec91c7e-9c25-43e6-90a6-0f1837ee6297]
[2022-01-18 22:09:43.136340] Load Balancer has chosen Virtual Machine [Thread-2] for request [dec91c7e-9c25-43e6-90a6-0f1837ee6297]
[2022-01-18 22:09:43.136379] Sending request [dec91c7e-9c25-43e6-90a6-0f1837ee6297] to virtualMachine [Thread-2]
[2022-01-18 22:09:43.136397] Querying Load Balancer for request [969c07a2-ae63-4041-bf90-dc0a51a71748]
[2022-01-18 22:09:43.136447] Load Balancer has chosen Virtual Machine [Thread-1] for request [969c07a2-ae63-4041-bf90-dc0a51a71748]
[2022-01-18 22:09:43.136453] Sending request [969c07a2-ae63-4041-bf90-dc0a51a71748] to virtualMachine [Thread-1]
[2022-01-18 22:09:43.136467] Querying Load Balancer for request [552a2b68-acdb-4903-86a2-2ed664537cc0]
[2022-01-18 22:09:43.136511] Load Balancer has chosen Virtual Machine [Thread-3] for request [552a2b68-acdb-4903-86a2-2ed664537cc0]
[2022-01-18 22:09:43.136516] Sending request [552a2b68-acdb-4903-86a2-2ed664537cc0] to virtualMachine [Thread-3]
[2022-01-18 22:09:43.136531] Querying Load Balancer for request [15842a53-8057-4e53-be21-e147ded8e588]
[2022-01-18 22:09:43.136567] Load Balancer has chosen Virtual Machine [Thread-2] for request [15842a53-8057-4e53-be21-e147ded8e588]
[2022-01-18 22:09:43.136573] Sending request [15842a53-8057-4e53-be21-e147ded8e588] to virtualMachine [Thread-2]
[2022-01-18 22:09:43.136596] Querying Load Balancer for request [f300dfe0-2fc5-436f-9737-5caadb0d03be]
[2022-01-18 22:09:43.136634] Load Balancer has chosen Virtual Machine [Thread-1] for request [f300dfe0-2fc5-436f-9737-5caadb0d03be]
[2022-01-18 22:09:43.136639] Sending request [f300dfe0-2fc5-436f-9737-5caadb0d03be] to virtualMachine [Thread-1]
[2022-01-18 22:09:43.136658] Querying Load Balancer for request [34186195-b88a-4650-a173-ff8f0ac247e1]
[2022-01-18 22:09:43.136696] Load Balancer has chosen Virtual Machine [Thread-2] for request [34186195-b88a-4650-a173-ff8f0ac247e1]
[2022-01-18 22:09:43.136701] Sending request [34186195-b88a-4650-a173-ff8f0ac247e1] to virtualMachine [Thread-2]
[2022-01-18 22:09:43.136715] Querying Load Balancer for request [947d8e44-32a6-4925-8b4f-fa10541ceeea]
[2022-01-18 22:09:43.136747] Load Balancer has chosen Virtual Machine [Thread-1] for request [947d8e44-32a6-4925-8b4f-fa10541ceeea]
[2022-01-18 22:09:43.136752] Sending request [947d8e44-32a6-4925-8b4f-fa10541ceeea] to virtualMachine [Thread-1]
[2022-01-18 22:09:43.136766] Querying Load Balancer for request [371bcc6b-4fee-45b5-bfd9-0330070bd610]
[2022-01-18 22:09:43.136799] Load Balancer has chosen Virtual Machine [Thread-2] for request [371bcc6b-4fee-45b5-bfd9-0330070bd610]
[2022-01-18 22:09:43.136807] Sending request [371bcc6b-4fee-45b5-bfd9-0330070bd610] to virtualMachine [Thread-2]
[2022-01-18 22:09:43.136824] Querying Load Balancer for request [2eeca527-1176-4bce-91ab-5fdcab423ed9]
[2022-01-18 22:09:43.136867] Load Balancer has chosen Virtual Machine [Thread-2] for request [2eeca527-1176-4bce-91ab-5fdcab423ed9]
[2022-01-18 22:09:43.136872] Sending request [2eeca527-1176-4bce-91ab-5fdcab423ed9] to virtualMachine [Thread-2]
[2022-01-18 22:09:43.136890] Querying Load Balancer for request [ed3c3d54-42ab-4cd5-a52d-558abbc9c730]
[2022-01-18 22:09:43.136928] Load Balancer has chosen Virtual Machine [Thread-3] for request [ed3c3d54-42ab-4cd5-a52d-558abbc9c730]
[2022-01-18 22:09:43.136933] Sending request [ed3c3d54-42ab-4cd5-a52d-558abbc9c730] to virtualMachine [Thread-3]
[2022-01-18 22:09:43.136947] Querying Load Balancer for request [838e7b2a-3292-488e-96a8-2f63b33ceb47]
[2022-01-18 22:09:43.136984] Load Balancer has chosen Virtual Machine [Thread-1] for request [838e7b2a-3292-488e-96a8-2f63b33ceb47]
[2022-01-18 22:09:43.136989] Sending request [838e7b2a-3292-488e-96a8-2f63b33ceb47] to virtualMachine [Thread-1]
[2022-01-18 22:09:43.137009] Querying Load Balancer for request [5b1ad84b-605d-4b87-9319-70552a9aba7f]
[2022-01-18 22:09:43.137046] Load Balancer has chosen Virtual Machine [Thread-2] for request [5b1ad84b-605d-4b87-9319-70552a9aba7f]
[2022-01-18 22:09:43.137054] Sending request [5b1ad84b-605d-4b87-9319-70552a9aba7f] to virtualMachine [Thread-2]
[2022-01-18 22:09:43.137101] Querying Load Balancer for request [197cfacc-4c38-41b7-92e4-a2bce84091c5]
[2022-01-18 22:09:43.137179] Load Balancer has chosen Virtual Machine [Thread-1] for request [197cfacc-4c38-41b7-92e4-a2bce84091c5]
[2022-01-18 22:09:43.137190] Sending request [197cfacc-4c38-41b7-92e4-a2bce84091c5] to virtualMachine [Thread-1]
[2022-01-18 22:09:43.137220] Querying Load Balancer for request [4027e50f-8683-4144-a5ea-638c5dd7eebc]
[2022-01-18 22:09:43.137265] Load Balancer has chosen Virtual Machine [Thread-3] for request [4027e50f-8683-4144-a5ea-638c5dd7eebc]
[2022-01-18 22:09:43.137270] Sending request [4027e50f-8683-4144-a5ea-638c5dd7eebc] to virtualMachine [Thread-3]
[2022-01-18 22:09:43.137286] Querying Load Balancer for request [f172dfa7-680f-4fa3-a14c-961d49e41bb1]
[2022-01-18 22:09:43.137320] Load Balancer has chosen Virtual Machine [Thread-2] for request [f172dfa7-680f-4fa3-a14c-961d49e41bb1]
[2022-01-18 22:09:43.137327] Sending request [f172dfa7-680f-4fa3-a14c-961d49e41bb1] to virtualMachine [Thread-2]
[2022-01-18 22:09:43.137353] Querying Load Balancer for request [a5f4108a-2f5b-4368-833d-4bacb0555c29]
[2022-01-18 22:09:43.137417] Load Balancer has chosen Virtual Machine [Thread-1] for request [a5f4108a-2f5b-4368-833d-4bacb0555c29]
[2022-01-18 22:09:43.137424] Sending request [a5f4108a-2f5b-4368-833d-4bacb0555c29] to virtualMachine [Thread-1]
[2022-01-18 22:09:43.137439] Querying Load Balancer for request [d247f7ff-3525-48e6-b1c4-9eecdff52143]
[2022-01-18 22:09:43.137475] Load Balancer has chosen Virtual Machine [Thread-2] for request [d247f7ff-3525-48e6-b1c4-9eecdff52143]
[2022-01-18 22:09:43.137480] Sending request [d247f7ff-3525-48e6-b1c4-9eecdff52143] to virtualMachine [Thread-2]
[2022-01-18 22:09:43.137495] Querying Load Balancer for request [9898a0b5-e298-4bd9-a7be-bb017e1e70f7]
[2022-01-18 22:09:43.137528] Load Balancer has chosen Virtual Machine [Thread-2] for request [9898a0b5-e298-4bd9-a7be-bb017e1e70f7]
[2022-01-18 22:09:43.137534] Sending request [9898a0b5-e298-4bd9-a7be-bb017e1e70f7] to virtualMachine [Thread-2]
[2022-01-18 22:09:43.137559] Querying Load Balancer for request [3987b2ab-347e-407f-9dfc-a24ff7ab2499]
[2022-01-18 22:09:43.137622] Load Balancer has chosen Virtual Machine [Thread-1] for request [3987b2ab-347e-407f-9dfc-a24ff7ab2499]
[2022-01-18 22:09:43.137632] Sending request [3987b2ab-347e-407f-9dfc-a24ff7ab2499] to virtualMachine [Thread-1]
[2022-01-18 22:09:43.137649] Querying Load Balancer for request [3c06d9c5-3d58-4b11-90ce-174a530c30a7]
[2022-01-18 22:09:43.137686] Load Balancer has chosen Virtual Machine [Thread-3] for request [3c06d9c5-3d58-4b11-90ce-174a530c30a7]
[2022-01-18 22:09:43.137691] Sending request [3c06d9c5-3d58-4b11-90ce-174a530c30a7] to virtualMachine [Thread-3]
[2022-01-18 22:09:43.137705] Querying Load Balancer for request [b9901fd5-f29c-463f-b1f3-55f466e966c5]
[2022-01-18 22:09:43.137739] Load Balancer has chosen Virtual Machine [Thread-3] for request [b9901fd5-f29c-463f-b1f3-55f466e966c5]
[2022-01-18 22:09:43.137744] Sending request [b9901fd5-f29c-463f-b1f3-55f466e966c5] to virtualMachine [Thread-3]
[2022-01-18 22:09:43.137763] Querying Load Balancer for request [7bdbe00f-8d61-43f3-9c29-aaeb19b316f9]
[2022-01-18 22:09:43.137807] Load Balancer has chosen Virtual Machine [Thread-3] for request [7bdbe00f-8d61-43f3-9c29-aaeb19b316f9]
[2022-01-18 22:09:43.137812] Sending request [7bdbe00f-8d61-43f3-9c29-aaeb19b316f9] to virtualMachine [Thread-3]
[2022-01-18 22:09:43.137826] Querying Load Balancer for request [5106506e-eb92-44e8-8794-fabf7b18c541]
[2022-01-18 22:09:43.137866] Load Balancer has chosen Virtual Machine [Thread-2] for request [5106506e-eb92-44e8-8794-fabf7b18c541]
[2022-01-18 22:09:43.137874] Sending request [5106506e-eb92-44e8-8794-fabf7b18c541] to virtualMachine [Thread-2]
[2022-01-18 22:09:43.137920] Querying Load Balancer for request [d9671858-4261-4d13-8034-270074b18319]
[2022-01-18 22:09:43.137975] Load Balancer has chosen Virtual Machine [Thread-1] for request [d9671858-4261-4d13-8034-270074b18319]
[2022-01-18 22:09:43.137981] Sending request [d9671858-4261-4d13-8034-270074b18319] to virtualMachine [Thread-1]
[2022-01-18 22:09:43.137996] Querying Load Balancer for request [4e5b550e-191f-43f5-a959-cef320d96e3a]
[2022-01-18 22:09:43.138105] Load Balancer has chosen Virtual Machine [Thread-3] for request [4e5b550e-191f-43f5-a959-cef320d96e3a]
[2022-01-18 22:09:43.138113] Sending request [4e5b550e-191f-43f5-a959-cef320d96e3a] to virtualMachine [Thread-3]
[2022-01-18 22:09:43.138137] Querying Load Balancer for request [d396d005-5b02-41c5-9a9d-30cea9e33666]
[2022-01-18 22:09:43.138185] Load Balancer has chosen Virtual Machine [Thread-3] for request [d396d005-5b02-41c5-9a9d-30cea9e33666]
[2022-01-18 22:09:43.138191] Sending request [d396d005-5b02-41c5-9a9d-30cea9e33666] to virtualMachine [Thread-3]
[2022-01-18 22:09:43.138206] Querying Load Balancer for request [db468653-c909-41eb-87a8-8856a274dedd]
[2022-01-18 22:09:43.138239] Load Balancer has chosen Virtual Machine [Thread-3] for request [db468653-c909-41eb-87a8-8856a274dedd]
[2022-01-18 22:09:43.138244] Sending request [db468653-c909-41eb-87a8-8856a274dedd] to virtualMachine [Thread-3]
[2022-01-18 22:09:43.138259] Querying Load Balancer for request [8f281466-8a6d-40e8-a16a-220d22e0e6ed]
[2022-01-18 22:09:43.138350] Load Balancer has chosen Virtual Machine [Thread-2] for request [8f281466-8a6d-40e8-a16a-220d22e0e6ed]
[2022-01-18 22:09:43.138355] Sending request [8f281466-8a6d-40e8-a16a-220d22e0e6ed] to virtualMachine [Thread-2]
[2022-01-18 22:09:43.138370] Querying Load Balancer for request [35b7d8d4-0f47-4b22-b1e8-14299d39b44c]
[2022-01-18 22:09:43.138414] Load Balancer has chosen Virtual Machine [Thread-3] for request [35b7d8d4-0f47-4b22-b1e8-14299d39b44c]
[2022-01-18 22:09:43.138419] Sending request [35b7d8d4-0f47-4b22-b1e8-14299d39b44c] to virtualMachine [Thread-3]
[2022-01-18 22:09:43.138433] Querying Load Balancer for request [efd948b6-7041-4e0f-89e5-4d43fd4e7603]
[2022-01-18 22:09:43.138466] Load Balancer has chosen Virtual Machine [Thread-2] for request [efd948b6-7041-4e0f-89e5-4d43fd4e7603]
[2022-01-18 22:09:43.138471] Sending request [efd948b6-7041-4e0f-89e5-4d43fd4e7603] to virtualMachine [Thread-2]
[2022-01-18 22:09:43.138485] Querying Load Balancer for request [cf6bd57e-aa18-4fcb-8fce-cdbab6acfd46]
[2022-01-18 22:09:43.138518] Load Balancer has chosen Virtual Machine [Thread-3] for request [cf6bd57e-aa18-4fcb-8fce-cdbab6acfd46]
[2022-01-18 22:09:43.138526] Sending request [cf6bd57e-aa18-4fcb-8fce-cdbab6acfd46] to virtualMachine [Thread-3]
[2022-01-18 22:09:43.138543] Querying Load Balancer for request [7e24efba-9ac4-47d2-9684-480d2cd0fcaa]
[2022-01-18 22:09:43.138586] Load Balancer has chosen Virtual Machine [Thread-1] for request [7e24efba-9ac4-47d2-9684-480d2cd0fcaa]
[2022-01-18 22:09:43.138591] Sending request [7e24efba-9ac4-47d2-9684-480d2cd0fcaa] to virtualMachine [Thread-1]
[2022-01-18 22:09:43.138614] Querying Load Balancer for request [df42d0d2-ca67-4d82-a353-1b7a0ddebf46]
[2022-01-18 22:09:43.138650] Load Balancer has chosen Virtual Machine [Thread-2] for request [df42d0d2-ca67-4d82-a353-1b7a0ddebf46]
[2022-01-18 22:09:43.138655] Sending request [df42d0d2-ca67-4d82-a353-1b7a0ddebf46] to virtualMachine [Thread-2]
[2022-01-18 22:09:43.138669] Querying Load Balancer for request [3d1a4fb6-ef3c-43f0-9a3f-cf705a7fba67]
[2022-01-18 22:09:43.138707] Load Balancer has chosen Virtual Machine [Thread-3] for request [3d1a4fb6-ef3c-43f0-9a3f-cf705a7fba67]
[2022-01-18 22:09:43.138715] Sending request [3d1a4fb6-ef3c-43f0-9a3f-cf705a7fba67] to virtualMachine [Thread-3]
[2022-01-18 22:09:43.138736] Querying Load Balancer for request [e6c48dd0-b559-47e4-b313-596bdd20bf89]
[2022-01-18 22:09:43.138772] Load Balancer has chosen Virtual Machine [Thread-3] for request [e6c48dd0-b559-47e4-b313-596bdd20bf89]
[2022-01-18 22:09:43.138780] Sending request [e6c48dd0-b559-47e4-b313-596bdd20bf89] to virtualMachine [Thread-3]
[2022-01-18 22:09:43.138800] Querying Load Balancer for request [0f32b2fe-c3af-405f-a644-86a27b3e6fc5]
[2022-01-18 22:09:43.138834] Load Balancer has chosen Virtual Machine [Thread-3] for request [0f32b2fe-c3af-405f-a644-86a27b3e6fc5]
[2022-01-18 22:09:43.138839] Sending request [0f32b2fe-c3af-405f-a644-86a27b3e6fc5] to virtualMachine [Thread-3]
[2022-01-18 22:09:43.138853] Querying Load Balancer for request [ef9384f1-8e85-423c-b728-5ac898050982]
[2022-01-18 22:09:43.138886] Load Balancer has chosen Virtual Machine [Thread-3] for request [ef9384f1-8e85-423c-b728-5ac898050982]
[2022-01-18 22:09:43.138890] Sending request [ef9384f1-8e85-423c-b728-5ac898050982] to virtualMachine [Thread-3]
[2022-01-18 22:09:43.138904] Querying Load Balancer for request [dc35c427-b816-4d22-922e-82715a72db87]
[2022-01-18 22:09:43.138937] Load Balancer has chosen Virtual Machine [Thread-3] for request [dc35c427-b816-4d22-922e-82715a72db87]
[2022-01-18 22:09:43.138942] Sending request [dc35c427-b816-4d22-922e-82715a72db87] to virtualMachine [Thread-3]
[2022-01-18 22:09:43.138955] Querying Load Balancer for request [23399a3f-ec4e-4306-8440-60ff2c7c5f99]
[2022-01-18 22:09:43.138988] Load Balancer has chosen Virtual Machine [Thread-3] for request [23399a3f-ec4e-4306-8440-60ff2c7c5f99]
[2022-01-18 22:09:43.138996] Sending request [23399a3f-ec4e-4306-8440-60ff2c7c5f99] to virtualMachine [Thread-3]
[2022-01-18 22:09:43.139014] Querying Load Balancer for request [11987a47-8bfc-43b0-b470-762f3e3aa456]
[2022-01-18 22:09:43.139057] Load Balancer has chosen Virtual Machine [Thread-2] for request [11987a47-8bfc-43b0-b470-762f3e3aa456]
[2022-01-18 22:09:43.139062] Sending request [11987a47-8bfc-43b0-b470-762f3e3aa456] to virtualMachine [Thread-2]
[2022-01-18 22:09:43.139079] Querying Load Balancer for request [0afa5b64-a143-435b-9fe9-0e51104bc5ca]
[2022-01-18 22:09:43.139120] Load Balancer has chosen Virtual Machine [Thread-1] for request [0afa5b64-a143-435b-9fe9-0e51104bc5ca]
[2022-01-18 22:09:43.139125] Sending request [0afa5b64-a143-435b-9fe9-0e51104bc5ca] to virtualMachine [Thread-1]
[2022-01-18 22:09:43.139140] Querying Load Balancer for request [470806cd-71e3-4b7f-818e-47764f6e27a3]
[2022-01-18 22:09:43.139175] Load Balancer has chosen Virtual Machine [Thread-2] for request [470806cd-71e3-4b7f-818e-47764f6e27a3]
[2022-01-18 22:09:43.139181] Sending request [470806cd-71e3-4b7f-818e-47764f6e27a3] to virtualMachine [Thread-2]
[2022-01-18 22:09:43.139203] Querying Load Balancer for request [8bbaecfb-6e14-45b7-afa5-60fa15afe55b]
[2022-01-18 22:09:43.139241] Load Balancer has chosen Virtual Machine [Thread-1] for request [8bbaecfb-6e14-45b7-afa5-60fa15afe55b]
[2022-01-18 22:09:43.139246] Sending request [8bbaecfb-6e14-45b7-afa5-60fa15afe55b] to virtualMachine [Thread-1]
[2022-01-18 22:09:43.139266] Querying Load Balancer for request [573616ce-6452-4e43-86ec-7650d85bccd9]
[2022-01-18 22:09:43.139304] Load Balancer has chosen Virtual Machine [Thread-1] for request [573616ce-6452-4e43-86ec-7650d85bccd9]
[2022-01-18 22:09:43.139309] Sending request [573616ce-6452-4e43-86ec-7650d85bccd9] to virtualMachine [Thread-1]
[2022-01-18 22:09:43.139329] Querying Load Balancer for request [a751037e-f46f-4cba-aa8b-45ed4a23fd7a]
[2022-01-18 22:09:43.139362] Load Balancer has chosen Virtual Machine [Thread-1] for request [a751037e-f46f-4cba-aa8b-45ed4a23fd7a]
[2022-01-18 22:09:43.139367] Sending request [a751037e-f46f-4cba-aa8b-45ed4a23fd7a] to virtualMachine [Thread-1]
[2022-01-18 22:09:43.139381] Querying Load Balancer for request [71ef537b-3b0e-4b66-9ec6-aeb669b728c1]
[2022-01-18 22:09:43.139414] Load Balancer has chosen Virtual Machine [Thread-3] for request [71ef537b-3b0e-4b66-9ec6-aeb669b728c1]
[2022-01-18 22:09:43.139422] Sending request [71ef537b-3b0e-4b66-9ec6-aeb669b728c1] to virtualMachine [Thread-3]
[2022-01-18 22:09:43.139441] Querying Load Balancer for request [cafd2c72-2fdf-48df-96c6-b69b1375d820]
[2022-01-18 22:09:43.139483] Load Balancer has chosen Virtual Machine [Thread-2] for request [cafd2c72-2fdf-48df-96c6-b69b1375d820]
[2022-01-18 22:09:43.139488] Sending request [cafd2c72-2fdf-48df-96c6-b69b1375d820] to virtualMachine [Thread-2]
[2022-01-18 22:09:43.139509] Querying Load Balancer for request [ee1e7e40-5422-4e5c-9c4b-b23878ec37f3]
[2022-01-18 22:09:43.139546] Load Balancer has chosen Virtual Machine [Thread-2] for request [ee1e7e40-5422-4e5c-9c4b-b23878ec37f3]
[2022-01-18 22:09:43.139551] Sending request [ee1e7e40-5422-4e5c-9c4b-b23878ec37f3] to virtualMachine [Thread-2]
[2022-01-18 22:09:43.139599] Querying Load Balancer for request [cc16a230-c75d-4c57-a9ad-0b7f8824dc85]
[2022-01-18 22:09:43.139649] Load Balancer has chosen Virtual Machine [Thread-2] for request [cc16a230-c75d-4c57-a9ad-0b7f8824dc85]
[2022-01-18 22:09:43.139655] Sending request [cc16a230-c75d-4c57-a9ad-0b7f8824dc85] to virtualMachine [Thread-2]
[2022-01-18 22:09:43.139670] Querying Load Balancer for request [19011a0f-f3cc-42c1-9c79-c22dfeb662fd]
[2022-01-18 22:09:43.139713] Load Balancer has chosen Virtual Machine [Thread-1] for request [19011a0f-f3cc-42c1-9c79-c22dfeb662fd]
[2022-01-18 22:09:43.139718] Sending request [19011a0f-f3cc-42c1-9c79-c22dfeb662fd] to virtualMachine [Thread-1]
[2022-01-18 22:09:43.139733] Querying Load Balancer for request [dded5840-10e0-4d9f-aeea-db0d06950dea]
[2022-01-18 22:09:43.139766] Load Balancer has chosen Virtual Machine [Thread-2] for request [dded5840-10e0-4d9f-aeea-db0d06950dea]
[2022-01-18 22:09:43.139771] Sending request [dded5840-10e0-4d9f-aeea-db0d06950dea] to virtualMachine [Thread-2]
[2022-01-18 22:09:43.139785] Querying Load Balancer for request [5591a9a6-ed85-4baa-a203-e5a2c7c6a781]
[2022-01-18 22:09:43.139818] Load Balancer has chosen Virtual Machine [Thread-2] for request [5591a9a6-ed85-4baa-a203-e5a2c7c6a781]
[2022-01-18 22:09:43.139823] Sending request [5591a9a6-ed85-4baa-a203-e5a2c7c6a781] to virtualMachine [Thread-2]
[2022-01-18 22:09:43.139837] Querying Load Balancer for request [623b8c22-ed32-4893-a974-f0f21e1c6cf3]
[2022-01-18 22:09:43.139871] Load Balancer has chosen Virtual Machine [Thread-1] for request [623b8c22-ed32-4893-a974-f0f21e1c6cf3]
[2022-01-18 22:09:43.139879] Sending request [623b8c22-ed32-4893-a974-f0f21e1c6cf3] to virtualMachine [Thread-1]
[2022-01-18 22:09:43.139897] Querying Load Balancer for request [773ce800-2d05-40e3-a1c4-c264ce2c93b9]
[2022-01-18 22:09:43.139939] Load Balancer has chosen Virtual Machine [Thread-2] for request [773ce800-2d05-40e3-a1c4-c264ce2c93b9]
[2022-01-18 22:09:43.139944] Sending request [773ce800-2d05-40e3-a1c4-c264ce2c93b9] to virtualMachine [Thread-2]
[2022-01-18 22:09:43.139966] Querying Load Balancer for request [0c6ae5a7-01e7-4471-b37a-a64acd58091a]
[2022-01-18 22:09:43.140003] Load Balancer has chosen Virtual Machine [Thread-3] for request [0c6ae5a7-01e7-4471-b37a-a64acd58091a]
[2022-01-18 22:09:43.140008] Sending request [0c6ae5a7-01e7-4471-b37a-a64acd58091a] to virtualMachine [Thread-3]
[2022-01-18 22:09:43.140022] Querying Load Balancer for request [63dea8b5-f3ac-4c62-a926-42fc8b6dca1d]
[2022-01-18 22:09:43.140059] Load Balancer has chosen Virtual Machine [Thread-3] for request [63dea8b5-f3ac-4c62-a926-42fc8b6dca1d]
[2022-01-18 22:09:43.140066] Sending request [63dea8b5-f3ac-4c62-a926-42fc8b6dca1d] to virtualMachine [Thread-3]
[2022-01-18 22:09:43.140090] Querying Load Balancer for request [32d18068-f62b-477e-8aad-fadd342cc880]
[2022-01-18 22:09:43.140131] Load Balancer has chosen Virtual Machine [Thread-3] for request [32d18068-f62b-477e-8aad-fadd342cc880]
[2022-01-18 22:09:43.140138] Sending request [32d18068-f62b-477e-8aad-fadd342cc880] to virtualMachine [Thread-3]
[2022-01-18 22:09:43.140153] Querying Load Balancer for request [6ba3161c-3a0e-4eae-b6cc-1ed03b88fac6]
[2022-01-18 22:09:43.140186] Load Balancer has chosen Virtual Machine [Thread-3] for request [6ba3161c-3a0e-4eae-b6cc-1ed03b88fac6]
[2022-01-18 22:09:43.140193] Sending request [6ba3161c-3a0e-4eae-b6cc-1ed03b88fac6] to virtualMachine [Thread-3]
[2022-01-18 22:09:53.138671] Stopping Controller and all associated VMs...
[2022-01-18 22:09:53.163251] Controller stopped.
