[2022-01-18 18:37:40.184883] Starting Load Balancer...
[2022-01-18 18:37:40.185434] Received request [16168498-318c-47eb-a010-d2fb9ebfe744] with 1 Tasks.
[2022-01-18 18:37:40.185584] Querying VMs for the best match...
[2022-01-18 18:37:40.185621] Virtual Machine [Thread-3] has been chosen.
[2022-01-18 18:37:40.185702] Received request [f61a6528-2dec-4268-9822-cab44d1879ec] with 1 Tasks.
[2022-01-18 18:37:40.185708] Querying VMs for the best match...
[2022-01-18 18:37:40.185719] Virtual Machine [Thread-3] has been chosen.
[2022-01-18 18:37:40.185765] Received request [cb4115fa-881d-4ee3-bd2c-08168ab3a143] with 1 Tasks.
[2022-01-18 18:37:40.185771] Querying VMs for the best match...
[2022-01-18 18:37:40.185780] Virtual Machine [Thread-3] has been chosen.
[2022-01-18 18:37:40.185819] Received request [38b35354-1353-421e-bf7e-acc58d822e1b] with 1 Tasks.
[2022-01-18 18:37:40.185825] Querying VMs for the best match...
[2022-01-18 18:37:40.185834] Virtual Machine [Thread-1] has been chosen.
[2022-01-18 18:37:40.186039] Received request [e7f256b6-7082-4496-8756-17aa7b67db0f] with 1 Tasks.
[2022-01-18 18:37:40.186045] Querying VMs for the best match...
[2022-01-18 18:37:40.186055] Virtual Machine [Thread-2] has been chosen.
[2022-01-18 18:37:40.186105] Received request [fed7d379-358f-4a04-b8c4-8163cb47accd] with 1 Tasks.
[2022-01-18 18:37:40.186111] Querying VMs for the best match...
[2022-01-18 18:37:40.186120] Virtual Machine [Thread-1] has been chosen.
[2022-01-18 18:37:40.187051] Received request [1c7b2911-67dc-4e1e-b05f-f3f5c3ab8957] with 1 Tasks.
[2022-01-18 18:37:40.187063] Querying VMs for the best match...
[2022-01-18 18:37:40.187084] Virtual Machine [Thread-1] has been chosen.
[2022-01-18 18:37:40.187167] Received request [64b028a5-ceec-4a28-9a86-5bcf682d19b2] with 1 Tasks.
[2022-01-18 18:37:40.187173] Querying VMs for the best match...
[2022-01-18 18:37:40.187183] Virtual Machine [Thread-3] has been chosen.
[2022-01-18 18:37:40.187777] Received request [0f2c7398-6aec-46c9-9da5-1d3a590782c4] with 1 Tasks.
[2022-01-18 18:37:40.187790] Querying VMs for the best match...
[2022-01-18 18:37:40.187805] Virtual Machine [Thread-2] has been chosen.
[2022-01-18 18:37:40.188691] Received request [2c633231-4900-4c97-841d-c969937a9af6] with 1 Tasks.
[2022-01-18 18:37:40.188949] Querying VMs for the best match...
[2022-01-18 18:37:40.188978] Virtual Machine [Thread-3] has been chosen.
[2022-01-18 18:37:40.189124] Received request [ad67b51a-4852-4c0e-8f78-387ef65448dd] with 1 Tasks.
[2022-01-18 18:37:40.189173] Querying VMs for the best match...
[2022-01-18 18:37:40.189478] Virtual Machine [Thread-3] has been chosen.
[2022-01-18 18:37:40.191396] Received request [5c58c42a-a368-44a3-a297-524e4dbc34bb] with 1 Tasks.
[2022-01-18 18:37:40.191408] Querying VMs for the best match...
[2022-01-18 18:37:40.191424] Virtual Machine [Thread-2] has been chosen.
[2022-01-18 18:37:40.191490] Received request [0aa2ac2f-1489-491c-be8c-4273f7545fc2] with 1 Tasks.
[2022-01-18 18:37:40.191496] Querying VMs for the best match...
[2022-01-18 18:37:40.191506] Virtual Machine [Thread-2] has been chosen.
[2022-01-18 18:37:40.191550] Received request [57cade59-a085-4f19-b52a-06b44cbc4d0f] with 1 Tasks.
[2022-01-18 18:37:40.191556] Querying VMs for the best match...
[2022-01-18 18:37:40.191565] Virtual Machine [Thread-1] has been chosen.
[2022-01-18 18:37:40.191618] Received request [2e408c4a-eb3d-4fd4-9241-298d493b8bb5] with 1 Tasks.
[2022-01-18 18:37:40.191628] Querying VMs for the best match...
[2022-01-18 18:37:40.191643] Virtual Machine [Thread-2] has been chosen.
[2022-01-18 18:37:40.191711] Received request [9bfa46f9-065f-40d7-841b-cebbb6d83e1b] with 1 Tasks.
[2022-01-18 18:37:40.191719] Querying VMs for the best match...
[2022-01-18 18:37:40.191729] Virtual Machine [Thread-3] has been chosen.
[2022-01-18 18:37:40.191773] Received request [6a65c536-54fe-41b1-8bae-d2e442bd26a4] with 1 Tasks.
[2022-01-18 18:37:40.191779] Querying VMs for the best match...
[2022-01-18 18:37:40.191787] Virtual Machine [Thread-2] has been chosen.
[2022-01-18 18:37:40.191827] Received request [18980fbd-80cc-4d28-a13a-f98b0c640cc9] with 1 Tasks.
[2022-01-18 18:37:40.191832] Querying VMs for the best match...
[2022-01-18 18:37:40.191841] Virtual Machine [Thread-2] has been chosen.
[2022-01-18 18:37:40.191956] Received request [209b9eff-8db2-420b-b1a7-e21367a96c5e] with 1 Tasks.
[2022-01-18 18:37:40.191965] Querying VMs for the best match...
[2022-01-18 18:37:40.191977] Virtual Machine [Thread-3] has been chosen.
[2022-01-18 18:37:40.192017] Received request [faf4684f-c36d-4994-bedb-fa16acfb423e] with 1 Tasks.
[2022-01-18 18:37:40.192023] Querying VMs for the best match...
[2022-01-18 18:37:40.192032] Virtual Machine [Thread-3] has been chosen.
[2022-01-18 18:37:40.192073] Received request [1925b50d-07d9-4ceb-9b21-13c8463c8115] with 1 Tasks.
[2022-01-18 18:37:40.192079] Querying VMs for the best match...
[2022-01-18 18:37:40.192087] Virtual Machine [Thread-1] has been chosen.
[2022-01-18 18:37:40.193532] Received request [3571c005-4c16-47b1-960b-e461c4a70f0f] with 1 Tasks.
[2022-01-18 18:37:40.195001] Querying VMs for the best match...
[2022-01-18 18:37:40.195874] Virtual Machine [Thread-1] has been chosen.
[2022-01-18 18:37:40.196428] Received request [ef15b2a1-0987-4c44-aa57-3e06e4ca367b] with 1 Tasks.
[2022-01-18 18:37:40.196434] Querying VMs for the best match...
[2022-01-18 18:37:40.196447] Virtual Machine [Thread-2] has been chosen.
[2022-01-18 18:37:40.196783] Received request [5a474b30-51d6-4cad-b35c-e9f41e9b9cdf] with 1 Tasks.
[2022-01-18 18:37:40.197264] Querying VMs for the best match...
[2022-01-18 18:37:40.197294] Virtual Machine [Thread-1] has been chosen.
[2022-01-18 18:37:40.197356] Received request [a3ad4dd0-0de4-4948-aab9-4cb0f1e0ca8d] with 1 Tasks.
[2022-01-18 18:37:40.197362] Querying VMs for the best match...
[2022-01-18 18:37:40.197372] Virtual Machine [Thread-2] has been chosen.
[2022-01-18 18:37:40.197419] Received request [7ccca196-7eaa-4ea9-b8c7-1d9a1658a798] with 1 Tasks.
[2022-01-18 18:37:40.197425] Querying VMs for the best match...
[2022-01-18 18:37:40.197434] Virtual Machine [Thread-3] has been chosen.
[2022-01-18 18:37:40.197487] Received request [9570b5bf-4197-4593-a935-d628e0961b3d] with 1 Tasks.
[2022-01-18 18:37:40.197521] Querying VMs for the best match...
[2022-01-18 18:37:40.197543] Virtual Machine [Thread-2] has been chosen.
[2022-01-18 18:37:40.197676] Received request [4a582a6d-9099-4bb0-8d64-5fc79efc3b08] with 1 Tasks.
[2022-01-18 18:37:40.197705] Querying VMs for the best match...
[2022-01-18 18:37:40.197744] Virtual Machine [Thread-3] has been chosen.
[2022-01-18 18:37:40.197899] Received request [47612859-41dd-4f7c-9e7e-9addc35106cc] with 1 Tasks.
[2022-01-18 18:37:40.197905] Querying VMs for the best match...
[2022-01-18 18:37:40.197916] Virtual Machine [Thread-3] has been chosen.
[2022-01-18 18:37:40.197959] Received request [3e8a40b5-7a70-4e99-a0e2-f27f45d8535d] with 1 Tasks.
[2022-01-18 18:37:40.197966] Querying VMs for the best match...
[2022-01-18 18:37:40.197975] Virtual Machine [Thread-1] has been chosen.
[2022-01-18 18:37:40.198015] Received request [de54757b-3820-44fd-9531-6f140abc37c2] with 1 Tasks.
[2022-01-18 18:37:40.198020] Querying VMs for the best match...
[2022-01-18 18:37:40.198029] Virtual Machine [Thread-3] has been chosen.
[2022-01-18 18:37:40.198067] Received request [024af8c5-c8a0-4cf9-8ffd-2f120be13819] with 1 Tasks.
[2022-01-18 18:37:40.198073] Querying VMs for the best match...
[2022-01-18 18:37:40.198081] Virtual Machine [Thread-2] has been chosen.
[2022-01-18 18:37:40.199078] Received request [954bd313-66f0-4f77-bc3b-c32bfce2ca07] with 1 Tasks.
[2022-01-18 18:37:40.199763] Querying VMs for the best match...
[2022-01-18 18:37:40.199847] Virtual Machine [Thread-2] has been chosen.
[2022-01-18 18:37:40.199911] Received request [bf258689-953d-418e-8796-86f4907b4cb8] with 1 Tasks.
[2022-01-18 18:37:40.199917] Querying VMs for the best match...
[2022-01-18 18:37:40.199928] Virtual Machine [Thread-3] has been chosen.
[2022-01-18 18:37:40.199975] Received request [a8adff88-ad34-499e-8de1-6c5dffae6acb] with 1 Tasks.
[2022-01-18 18:37:40.199980] Querying VMs for the best match...
[2022-01-18 18:37:40.200057] Virtual Machine [Thread-2] has been chosen.
[2022-01-18 18:37:40.200106] Received request [4425e1aa-da99-4728-bad4-8851a4a5b3a2] with 1 Tasks.
[2022-01-18 18:37:40.200112] Querying VMs for the best match...
[2022-01-18 18:37:40.200120] Virtual Machine [Thread-2] has been chosen.
[2022-01-18 18:37:40.200194] Received request [30bdcebd-9c8d-4348-bfcc-5d4c7e4906ff] with 1 Tasks.
[2022-01-18 18:37:40.200201] Querying VMs for the best match...
[2022-01-18 18:37:40.200210] Virtual Machine [Thread-2] has been chosen.
[2022-01-18 18:37:40.200250] Received request [e1eb1a68-37cc-45ac-90bf-563f8199f643] with 1 Tasks.
[2022-01-18 18:37:40.200255] Querying VMs for the best match...
[2022-01-18 18:37:40.200264] Virtual Machine [Thread-3] has been chosen.
[2022-01-18 18:37:40.200712] Received request [c9b8e5bc-bfe6-4d83-94b8-7e60835fc0e2] with 1 Tasks.
[2022-01-18 18:37:40.200760] Querying VMs for the best match...
[2022-01-18 18:37:40.200806] Virtual Machine [Thread-1] has been chosen.
[2022-01-18 18:37:40.206521] Received request [c5c0f186-fd8a-4de4-8a3f-932bc2879239] with 1 Tasks.
[2022-01-18 18:37:40.206532] Querying VMs for the best match...
[2022-01-18 18:37:40.206555] Virtual Machine [Thread-3] has been chosen.
[2022-01-18 18:37:40.211684] Received request [1a1f030c-db1b-4dcb-9860-547fe84645b0] with 1 Tasks.
[2022-01-18 18:37:40.211710] Querying VMs for the best match...
[2022-01-18 18:37:40.211735] Virtual Machine [Thread-2] has been chosen.
[2022-01-18 18:37:40.212793] Received request [99e68a85-af59-487a-989c-2bdcefa0f2dc] with 1 Tasks.
[2022-01-18 18:37:40.212804] Querying VMs for the best match...
[2022-01-18 18:37:40.212826] Virtual Machine [Thread-2] has been chosen.
[2022-01-18 18:37:40.219975] Received request [d74a3ff7-3774-4dbe-9f75-5fd541ce98fc] with 1 Tasks.
[2022-01-18 18:37:40.219983] Querying VMs for the best match...
[2022-01-18 18:37:40.219998] Virtual Machine [Thread-3] has been chosen.
[2022-01-18 18:37:40.221846] Received request [912f83f1-1617-458a-a2f9-9869c9b503ae] with 1 Tasks.
[2022-01-18 18:37:40.221855] Querying VMs for the best match...
[2022-01-18 18:37:40.221870] Virtual Machine [Thread-2] has been chosen.
[2022-01-18 18:37:40.221930] Received request [ca3b4943-97e9-4731-b790-29cf1246b1ef] with 1 Tasks.
[2022-01-18 18:37:40.221938] Querying VMs for the best match...
[2022-01-18 18:37:40.221951] Virtual Machine [Thread-2] has been chosen.
[2022-01-18 18:37:40.222242] Received request [ef10925a-8096-48db-8014-5d84d9d586a4] with 1 Tasks.
[2022-01-18 18:37:40.222251] Querying VMs for the best match...
[2022-01-18 18:37:40.222264] Virtual Machine [Thread-2] has been chosen.
[2022-01-18 18:37:40.223679] Received request [695df969-2ee4-49a0-830c-0068f8919520] with 1 Tasks.
[2022-01-18 18:37:40.223687] Querying VMs for the best match...
[2022-01-18 18:37:40.223702] Virtual Machine [Thread-3] has been chosen.
[2022-01-18 18:37:40.224725] Received request [6fc02b04-7c13-4019-af17-a963ac745b49] with 1 Tasks.
[2022-01-18 18:37:40.225213] Querying VMs for the best match...
[2022-01-18 18:37:40.225243] Virtual Machine [Thread-1] has been chosen.
[2022-01-18 18:37:40.225315] Received request [ca253edf-2dc3-4a37-acff-7fb8cbd0009a] with 1 Tasks.
[2022-01-18 18:37:40.225324] Querying VMs for the best match...
[2022-01-18 18:37:40.225341] Virtual Machine [Thread-3] has been chosen.
[2022-01-18 18:37:40.225414] Received request [ff07c531-c213-4e9a-83a9-b21e61089e16] with 1 Tasks.
[2022-01-18 18:37:40.225426] Querying VMs for the best match...
[2022-01-18 18:37:40.225443] Virtual Machine [Thread-1] has been chosen.
[2022-01-18 18:37:40.225516] Received request [495bbe5f-b31d-4915-a82b-2fa3a1207845] with 1 Tasks.
[2022-01-18 18:37:40.225525] Querying VMs for the best match...
[2022-01-18 18:37:40.225537] Virtual Machine [Thread-2] has been chosen.
[2022-01-18 18:37:40.226522] Received request [e039dda3-1de3-4054-884c-a0b4c0d5a8c1] with 1 Tasks.
[2022-01-18 18:37:40.226530] Querying VMs for the best match...
[2022-01-18 18:37:40.226545] Virtual Machine [Thread-3] has been chosen.
[2022-01-18 18:37:40.226612] Received request [c1a7a85b-8e50-44bb-ad2e-6d0f6dcae750] with 1 Tasks.
[2022-01-18 18:37:40.226624] Querying VMs for the best match...
[2022-01-18 18:37:40.226642] Virtual Machine [Thread-2] has been chosen.
[2022-01-18 18:37:40.227192] Received request [2281b681-fdd1-4df6-9ec0-ddc4f783f185] with 1 Tasks.
[2022-01-18 18:37:40.227370] Querying VMs for the best match...
[2022-01-18 18:37:40.227542] Virtual Machine [Thread-3] has been chosen.
[2022-01-18 18:37:40.232359] Received request [4f13259d-72ba-4ded-9d6e-8208badd76ed] with 1 Tasks.
[2022-01-18 18:37:40.232377] Querying VMs for the best match...
[2022-01-18 18:37:40.232524] Virtual Machine [Thread-2] has been chosen.
[2022-01-18 18:37:40.232670] Received request [635a1d3c-0b61-440f-b769-1a56a1dad27e] with 1 Tasks.
[2022-01-18 18:37:40.232683] Querying VMs for the best match...
[2022-01-18 18:37:40.232705] Virtual Machine [Thread-2] has been chosen.
[2022-01-18 18:37:40.232777] Received request [e5742942-22c9-45ca-a641-9ffa292c95f9] with 1 Tasks.
[2022-01-18 18:37:40.232790] Querying VMs for the best match...
[2022-01-18 18:37:40.232807] Virtual Machine [Thread-2] has been chosen.
[2022-01-18 18:37:40.232960] Received request [cac3cf87-5bed-4973-bcdd-a1f193846846] with 1 Tasks.
[2022-01-18 18:37:40.233051] Querying VMs for the best match...
[2022-01-18 18:37:40.233553] Virtual Machine [Thread-2] has been chosen.
[2022-01-18 18:37:40.233827] Received request [bebb2133-bb90-404d-bd47-a3c84cd28b3c] with 1 Tasks.
[2022-01-18 18:37:40.233853] Querying VMs for the best match...
[2022-01-18 18:37:40.233877] Virtual Machine [Thread-3] has been chosen.
[2022-01-18 18:37:40.236480] Received request [d83fe415-a227-48a2-881d-92018b3e9bd6] with 1 Tasks.
[2022-01-18 18:37:40.236887] Querying VMs for the best match...
[2022-01-18 18:37:40.236918] Virtual Machine [Thread-2] has been chosen.
[2022-01-18 18:37:40.236990] Received request [d461ec3c-d462-471e-8220-d5b3e27d90be] with 1 Tasks.
[2022-01-18 18:37:40.236998] Querying VMs for the best match...
[2022-01-18 18:37:40.237012] Virtual Machine [Thread-1] has been chosen.
[2022-01-18 18:37:40.237644] Received request [235c0602-3de0-483f-8675-9dde71fdd522] with 1 Tasks.
[2022-01-18 18:37:40.237655] Querying VMs for the best match...
[2022-01-18 18:37:40.237676] Virtual Machine [Thread-3] has been chosen.
[2022-01-18 18:37:40.238497] Received request [318137cd-fed2-4b67-a272-ee17da376266] with 1 Tasks.
[2022-01-18 18:37:40.238506] Querying VMs for the best match...
[2022-01-18 18:37:40.238520] Virtual Machine [Thread-3] has been chosen.
[2022-01-18 18:37:40.238585] Received request [7062d875-69a6-4d43-b97e-03c753d0c4f0] with 1 Tasks.
[2022-01-18 18:37:40.238597] Querying VMs for the best match...
[2022-01-18 18:37:40.238616] Virtual Machine [Thread-1] has been chosen.
[2022-01-18 18:37:40.238702] Received request [7c6314b3-06c7-430a-a704-ac80fe23e4f3] with 1 Tasks.
[2022-01-18 18:37:40.238715] Querying VMs for the best match...
[2022-01-18 18:37:40.238733] Virtual Machine [Thread-1] has been chosen.
[2022-01-18 18:37:40.238813] Received request [fe9808d7-698d-4ab6-b694-d400cc8afd66] with 1 Tasks.
[2022-01-18 18:37:40.238825] Querying VMs for the best match...
[2022-01-18 18:37:40.238844] Virtual Machine [Thread-2] has been chosen.
[2022-01-18 18:37:40.238924] Received request [5d2ba87a-519c-4743-bd8f-5cf163740498] with 1 Tasks.
[2022-01-18 18:37:40.238936] Querying VMs for the best match...
[2022-01-18 18:37:40.238953] Virtual Machine [Thread-2] has been chosen.
[2022-01-18 18:37:40.240583] Received request [a965a413-b373-4b9a-b3e9-a8f268316877] with 1 Tasks.
[2022-01-18 18:37:40.240596] Querying VMs for the best match...
[2022-01-18 18:37:40.240617] Virtual Machine [Thread-1] has been chosen.
[2022-01-18 18:37:40.240704] Received request [b361913c-13b9-4624-91a5-8def15cb0617] with 1 Tasks.
[2022-01-18 18:37:40.240712] Querying VMs for the best match...
[2022-01-18 18:37:40.240726] Virtual Machine [Thread-2] has been chosen.
[2022-01-18 18:37:40.241595] Received request [d7b4021b-9b0f-46c6-b25c-5377fdb9bc9e] with 1 Tasks.
[2022-01-18 18:37:40.241661] Querying VMs for the best match...
[2022-01-18 18:37:40.241678] Virtual Machine [Thread-2] has been chosen.
[2022-01-18 18:37:40.242846] Received request [ef2473d1-58cd-4cab-a335-9d8255c9813c] with 1 Tasks.
[2022-01-18 18:37:40.242860] Querying VMs for the best match...
[2022-01-18 18:37:40.242879] Virtual Machine [Thread-1] has been chosen.
[2022-01-18 18:37:40.243834] Received request [89b5de53-8447-4a69-9216-580d0503363b] with 1 Tasks.
[2022-01-18 18:37:40.243846] Querying VMs for the best match...
[2022-01-18 18:37:40.243868] Virtual Machine [Thread-1] has been chosen.
[2022-01-18 18:37:40.246986] Received request [9dc1c788-f7d6-44f5-859a-2f23fd2329f5] with 1 Tasks.
[2022-01-18 18:37:40.246998] Querying VMs for the best match...
[2022-01-18 18:37:40.247015] Virtual Machine [Thread-1] has been chosen.
[2022-01-18 18:37:40.247093] Received request [4ff674e8-6d55-45fc-aaa3-7dface0b24f9] with 1 Tasks.
[2022-01-18 18:37:40.247122] Querying VMs for the best match...
[2022-01-18 18:37:40.247152] Virtual Machine [Thread-1] has been chosen.
[2022-01-18 18:37:40.247280] Received request [b9b80767-4233-47ba-9a1a-795c342a8719] with 1 Tasks.
[2022-01-18 18:37:40.247293] Querying VMs for the best match...
[2022-01-18 18:37:40.247313] Virtual Machine [Thread-2] has been chosen.
[2022-01-18 18:37:40.247519] Received request [c12df779-8cb9-498e-90e8-4cd9176914e2] with 1 Tasks.
[2022-01-18 18:37:40.247595] Querying VMs for the best match...
[2022-01-18 18:37:40.247655] Virtual Machine [Thread-3] has been chosen.
[2022-01-18 18:37:40.248055] Received request [5eafd376-51f5-482e-996f-8312850435e2] with 1 Tasks.
[2022-01-18 18:37:40.248206] Querying VMs for the best match...
[2022-01-18 18:37:40.248386] Virtual Machine [Thread-1] has been chosen.
[2022-01-18 18:37:40.248559] Received request [ca3ea4cb-ce8b-4999-9e45-cf54b8a6d1eb] with 1 Tasks.
[2022-01-18 18:37:40.248574] Querying VMs for the best match...
[2022-01-18 18:37:40.248590] Virtual Machine [Thread-1] has been chosen.
[2022-01-18 18:37:40.248646] Received request [1912ecc1-ad37-45ea-95d9-65f2abcb80d5] with 1 Tasks.
[2022-01-18 18:37:40.248654] Querying VMs for the best match...
[2022-01-18 18:37:40.248667] Virtual Machine [Thread-2] has been chosen.
[2022-01-18 18:37:40.252283] Received request [8d594b01-d400-4ba0-a6c7-7a4bd12fb09d] with 1 Tasks.
[2022-01-18 18:37:40.252291] Querying VMs for the best match...
[2022-01-18 18:37:40.252306] Virtual Machine [Thread-1] has been chosen.
[2022-01-18 18:37:40.252403] Received request [f15a370c-1f90-4ad3-8e92-d1959117c3ff] with 1 Tasks.
[2022-01-18 18:37:40.252446] Querying VMs for the best match...
[2022-01-18 18:37:40.254319] Virtual Machine [Thread-3] has been chosen.
[2022-01-18 18:37:40.254932] Received request [354c3b57-c2f4-4ac3-b5d9-765508412303] with 1 Tasks.
[2022-01-18 18:37:40.254942] Querying VMs for the best match...
[2022-01-18 18:37:40.254961] Virtual Machine [Thread-2] has been chosen.
[2022-01-18 18:37:40.255022] Received request [96f2acaf-e4f3-4b5d-9902-036c6bf0108e] with 1 Tasks.
[2022-01-18 18:37:40.255030] Querying VMs for the best match...
[2022-01-18 18:37:40.255043] Virtual Machine [Thread-3] has been chosen.
[2022-01-18 18:37:40.255092] Received request [34a74bfb-753e-48d4-9bc9-9dfc829d2a5c] with 1 Tasks.
[2022-01-18 18:37:40.255100] Querying VMs for the best match...
[2022-01-18 18:37:40.255112] Virtual Machine [Thread-2] has been chosen.
[2022-01-18 18:37:40.255160] Received request [443d3b2f-35a7-4881-894c-b1c541ad0ae6] with 1 Tasks.
[2022-01-18 18:37:40.255168] Querying VMs for the best match...
[2022-01-18 18:37:40.255180] Virtual Machine [Thread-1] has been chosen.
[2022-01-18 18:37:40.258348] Received request [7a7e9440-4f5e-4809-89f2-beee3b1b7d66] with 1 Tasks.
[2022-01-18 18:37:40.258356] Querying VMs for the best match...
[2022-01-18 18:37:40.258372] Virtual Machine [Thread-1] has been chosen.
[2022-01-18 18:37:40.259357] Received request [441e4225-af18-4950-9b7e-b7e7f1303a33] with 1 Tasks.
[2022-01-18 18:37:40.259369] Querying VMs for the best match...
[2022-01-18 18:37:40.259391] Virtual Machine [Thread-3] has been chosen.
[2022-01-18 18:37:40.259459] Received request [8784ead6-4144-4d06-ad72-62f6b6737544] with 1 Tasks.
[2022-01-18 18:37:40.259469] Querying VMs for the best match...
[2022-01-18 18:37:40.259486] Virtual Machine [Thread-2] has been chosen.
[2022-01-18 18:37:40.259558] Received request [4e5e5229-c626-4b6f-87ed-f1c54de16609] with 1 Tasks.
[2022-01-18 18:37:40.259567] Querying VMs for the best match...
[2022-01-18 18:37:40.259579] Virtual Machine [Thread-3] has been chosen.
[2022-01-18 18:37:40.259636] Received request [c0205d11-435f-452c-8267-b9dca4ffa69e] with 1 Tasks.
[2022-01-18 18:37:40.259645] Querying VMs for the best match...
[2022-01-18 18:37:40.259657] Virtual Machine [Thread-2] has been chosen.
[2022-01-18 18:37:40.261934] Received request [2e5d4065-2ff0-487e-901f-8345bf4a13de] with 1 Tasks.
[2022-01-18 18:37:40.261948] Querying VMs for the best match...
[2022-01-18 18:37:40.261970] Virtual Machine [Thread-3] has been chosen.
[2022-01-18 18:37:40.262165] Received request [2ee5d714-3b50-45db-8465-e2cfcb20820b] with 1 Tasks.
[2022-01-18 18:37:40.262180] Querying VMs for the best match...
[2022-01-18 18:37:40.262199] Virtual Machine [Thread-2] has been chosen.
[2022-01-18 18:37:40.262714] Received request [b57bfab1-7183-4873-921d-d299a35f6245] with 1 Tasks.
[2022-01-18 18:37:40.262728] Querying VMs for the best match...
[2022-01-18 18:37:40.262748] Virtual Machine [Thread-1] has been chosen.
[2022-01-18 18:37:40.267594] Received request [4862a07c-432f-4020-a58b-a0b56931e4ae] with 1 Tasks.
[2022-01-18 18:37:40.267616] Querying VMs for the best match...
[2022-01-18 18:37:40.267638] Virtual Machine [Thread-3] has been chosen.
[2022-01-18 18:37:40.267740] Received request [b042d74c-5be8-4f57-aa85-955ad22f721f] with 1 Tasks.
[2022-01-18 18:37:40.267751] Querying VMs for the best match...
[2022-01-18 18:37:40.267770] Virtual Machine [Thread-3] has been chosen.
[2022-01-18 18:37:40.267852] Received request [8ce0fb7c-684c-44be-838f-98561c34fa57] with 1 Tasks.
[2022-01-18 18:37:40.267865] Querying VMs for the best match...
[2022-01-18 18:37:40.267883] Virtual Machine [Thread-3] has been chosen.
[2022-01-18 18:37:40.267950] Received request [b1d08122-76e7-4c1f-994b-d04e5493829d] with 1 Tasks.
[2022-01-18 18:37:40.267960] Querying VMs for the best match...
[2022-01-18 18:37:40.267976] Virtual Machine [Thread-2] has been chosen.
[2022-01-18 18:37:40.268216] Received request [c274bb24-63d7-4ff1-b606-f3ddaefaff0b] with 1 Tasks.
[2022-01-18 18:37:40.268233] Querying VMs for the best match...
[2022-01-18 18:37:40.269230] Virtual Machine [Thread-2] has been chosen.
[2022-01-18 18:37:40.269512] Received request [c73c8350-c71a-454d-ab1b-22905b89fcda] with 1 Tasks.
[2022-01-18 18:37:40.269560] Querying VMs for the best match...
[2022-01-18 18:37:40.269608] Virtual Machine [Thread-1] has been chosen.
[2022-01-18 18:37:40.269780] Received request [0b5ede2e-1e0c-4a2d-bd64-7f548d1f7e85] with 1 Tasks.
[2022-01-18 18:37:40.269836] Querying VMs for the best match...
[2022-01-18 18:37:40.269875] Virtual Machine [Thread-2] has been chosen.
[2022-01-18 18:37:40.274429] Stopping Load Balancer and all associated VMs...
