[2022-01-18 22:09:43.125670] Starting virtual machine [Thread-2]...
[2022-01-18 22:09:43.126270] Getting queried for current state
[2022-01-18 22:09:43.128303] Received request [13f63cf9-1c99-455d-8f3f-92fbd7db0449] with 5 Tasks.
[2022-01-18 22:09:43.128307] Enquing the request...
[2022-01-18 22:09:43.129184] Received request [c6aa363b-3d77-4b05-a0f1-f249ff7a40ee] with 3 Tasks.
[2022-01-18 22:09:43.129186] Enquing the request...
[2022-01-18 22:09:43.129497] Received request [861e7c5b-85cd-4e19-a016-e87cd10a7c67] with 4 Tasks.
[2022-01-18 22:09:43.129499] Enquing the request...
[2022-01-18 22:09:43.129657] Received request [8caf3a5f-1044-49df-a747-648d21f6779a] with 2 Tasks.
[2022-01-18 22:09:43.129660] Enquing the request...
[2022-01-18 22:09:43.133795] Processing request [13f63cf9-1c99-455d-8f3f-92fbd7db0449]...
[2022-01-18 22:09:43.133980] Received request [a7fc0b64-1c5a-4d73-b892-e848e7a6f245] with 4 Tasks.
[2022-01-18 22:09:43.133984] Enquing the request...
[2022-01-18 22:09:43.134052] Received request [e2009810-b97b-4e87-acc9-633f08452c4f] with 5 Tasks.
[2022-01-18 22:09:43.134055] Enquing the request...
[2022-01-18 22:09:43.134753] Received request [8bb3f818-2c3b-479b-bc22-3030fa487f1f] with 5 Tasks.
[2022-01-18 22:09:43.134757] Enquing the request...
[2022-01-18 22:09:43.134843] Received request [104fb31c-adc2-4b14-8225-a347d779e632] with 1 Tasks.
[2022-01-18 22:09:43.134845] Enquing the request...
[2022-01-18 22:09:43.135169] Received request [4adf23b7-906a-445e-96d6-f6bd56f9d025] with 5 Tasks.
[2022-01-18 22:09:43.135173] Enquing the request...
[2022-01-18 22:09:43.135265] Received request [3bcba0de-49c5-4814-bc3e-2c6ba239a8b4] with 2 Tasks.
[2022-01-18 22:09:43.135271] Enquing the request...
[2022-01-18 22:09:43.135640] Received request [a69397eb-7b3a-4cc1-8619-22066aaae25f] with 5 Tasks.
[2022-01-18 22:09:43.135645] Enquing the request...
[2022-01-18 22:09:43.135876] Received request [f57d5a8a-db75-4971-a72e-1dd10993337c] with 4 Tasks.
[2022-01-18 22:09:43.135881] Enquing the request...
[2022-01-18 22:09:43.136042] Received request [7bea1773-9d22-4b11-9cac-929858feef95] with 5 Tasks.
[2022-01-18 22:09:43.136045] Enquing the request...
[2022-01-18 22:09:43.136181] Received request [cb06a0d9-e3d5-45c4-8698-ac96c8345e42] with 1 Tasks.
[2022-01-18 22:09:43.136183] Enquing the request...
[2022-01-18 22:09:43.136384] Received request [dec91c7e-9c25-43e6-90a6-0f1837ee6297] with 5 Tasks.
[2022-01-18 22:09:43.136386] Enquing the request...
[2022-01-18 22:09:43.136577] Received request [15842a53-8057-4e53-be21-e147ded8e588] with 1 Tasks.
[2022-01-18 22:09:43.136581] Enquing the request...
[2022-01-18 22:09:43.136704] Received request [34186195-b88a-4650-a173-ff8f0ac247e1] with 1 Tasks.
[2022-01-18 22:09:43.136706] Enquing the request...
[2022-01-18 22:09:43.136810] Received request [371bcc6b-4fee-45b5-bfd9-0330070bd610] with 5 Tasks.
[2022-01-18 22:09:43.136813] Enquing the request...
[2022-01-18 22:09:43.136875] Received request [2eeca527-1176-4bce-91ab-5fdcab423ed9] with 4 Tasks.
[2022-01-18 22:09:43.136877] Enquing the request...
[2022-01-18 22:09:43.137059] Received request [5b1ad84b-605d-4b87-9319-70552a9aba7f] with 1 Tasks.
[2022-01-18 22:09:43.137062] Enquing the request...
[2022-01-18 22:09:43.137333] Received request [f172dfa7-680f-4fa3-a14c-961d49e41bb1] with 3 Tasks.
[2022-01-18 22:09:43.137337] Enquing the request...
[2022-01-18 22:09:43.137483] Received request [d247f7ff-3525-48e6-b1c4-9eecdff52143] with 1 Tasks.
[2022-01-18 22:09:43.137485] Enquing the request...
[2022-01-18 22:09:43.137539] Received request [9898a0b5-e298-4bd9-a7be-bb017e1e70f7] with 5 Tasks.
[2022-01-18 22:09:43.137543] Enquing the request...
[2022-01-18 22:09:43.137898] Received request [5106506e-eb92-44e8-8794-fabf7b18c541] with 1 Tasks.
[2022-01-18 22:09:43.137904] Enquing the request...
[2022-01-18 22:09:43.138358] Received request [8f281466-8a6d-40e8-a16a-220d22e0e6ed] with 4 Tasks.
[2022-01-18 22:09:43.138361] Enquing the request...
[2022-01-18 22:09:43.138474] Received request [efd948b6-7041-4e0f-89e5-4d43fd4e7603] with 1 Tasks.
[2022-01-18 22:09:43.138476] Enquing the request...
[2022-01-18 22:09:43.138658] Received request [df42d0d2-ca67-4d82-a353-1b7a0ddebf46] with 3 Tasks.
[2022-01-18 22:09:43.138660] Enquing the request...
[2022-01-18 22:09:43.139065] Received request [11987a47-8bfc-43b0-b470-762f3e3aa456] with 2 Tasks.
[2022-01-18 22:09:43.139067] Enquing the request...
[2022-01-18 22:09:43.139184] Received request [470806cd-71e3-4b7f-818e-47764f6e27a3] with 3 Tasks.
[2022-01-18 22:09:43.139188] Enquing the request...
[2022-01-18 22:09:43.139491] Received request [cafd2c72-2fdf-48df-96c6-b69b1375d820] with 4 Tasks.
[2022-01-18 22:09:43.139494] Enquing the request...
[2022-01-18 22:09:43.139581] Received request [ee1e7e40-5422-4e5c-9c4b-b23878ec37f3] with 5 Tasks.
[2022-01-18 22:09:43.139584] Enquing the request...
[2022-01-18 22:09:43.139658] Received request [cc16a230-c75d-4c57-a9ad-0b7f8824dc85] with 4 Tasks.
[2022-01-18 22:09:43.139660] Enquing the request...
[2022-01-18 22:09:43.139774] Received request [dded5840-10e0-4d9f-aeea-db0d06950dea] with 1 Tasks.
[2022-01-18 22:09:43.139776] Enquing the request...
[2022-01-18 22:09:43.139826] Received request [5591a9a6-ed85-4baa-a203-e5a2c7c6a781] with 2 Tasks.
[2022-01-18 22:09:43.139829] Enquing the request...
[2022-01-18 22:09:43.139947] Received request [773ce800-2d05-40e3-a1c4-c264ce2c93b9] with 2 Tasks.
[2022-01-18 22:09:43.139951] Enquing the request...
[2022-01-18 22:09:43.339668] Finished request [13f63cf9-1c99-455d-8f3f-92fbd7db0449].
[2022-01-18 22:09:43.339690] Notifying the controller request [13f63cf9-1c99-455d-8f3f-92fbd7db0449] has finished.
[2022-01-18 22:09:43.340102] Processing request [c6aa363b-3d77-4b05-a0f1-f249ff7a40ee]...
[2022-01-18 22:09:43.544986] Finished request [c6aa363b-3d77-4b05-a0f1-f249ff7a40ee].
[2022-01-18 22:09:43.545016] Notifying the controller request [c6aa363b-3d77-4b05-a0f1-f249ff7a40ee] has finished.
[2022-01-18 22:09:43.545532] Processing request [861e7c5b-85cd-4e19-a016-e87cd10a7c67]...
[2022-01-18 22:09:43.632215] Getting queried for current state
[2022-01-18 22:09:43.745825] Finished request [861e7c5b-85cd-4e19-a016-e87cd10a7c67].
[2022-01-18 22:09:43.745833] Notifying the controller request [861e7c5b-85cd-4e19-a016-e87cd10a7c67] has finished.
[2022-01-18 22:09:43.746028] Processing request [8caf3a5f-1044-49df-a747-648d21f6779a]...
[2022-01-18 22:09:43.951593] Finished request [8caf3a5f-1044-49df-a747-648d21f6779a].
[2022-01-18 22:09:43.951611] Notifying the controller request [8caf3a5f-1044-49df-a747-648d21f6779a] has finished.
[2022-01-18 22:09:43.952108] Processing request [a7fc0b64-1c5a-4d73-b892-e848e7a6f245]...
[2022-01-18 22:09:44.141234] Getting queried for current state
[2022-01-18 22:09:44.153982] Finished request [a7fc0b64-1c5a-4d73-b892-e848e7a6f245].
[2022-01-18 22:09:44.154029] Notifying the controller request [a7fc0b64-1c5a-4d73-b892-e848e7a6f245] has finished.
[2022-01-18 22:09:44.154943] Processing request [e2009810-b97b-4e87-acc9-633f08452c4f]...
[2022-01-18 22:09:44.359953] Finished request [e2009810-b97b-4e87-acc9-633f08452c4f].
[2022-01-18 22:09:44.359961] Notifying the controller request [e2009810-b97b-4e87-acc9-633f08452c4f] has finished.
[2022-01-18 22:09:44.359990] Processing request [8bb3f818-2c3b-479b-bc22-3030fa487f1f]...
[2022-01-18 22:09:44.561699] Finished request [8bb3f818-2c3b-479b-bc22-3030fa487f1f].
[2022-01-18 22:09:44.561712] Notifying the controller request [8bb3f818-2c3b-479b-bc22-3030fa487f1f] has finished.
[2022-01-18 22:09:44.561834] Processing request [104fb31c-adc2-4b14-8225-a347d779e632]...
[2022-01-18 22:09:44.651040] Getting queried for current state
[2022-01-18 22:09:44.763433] Finished request [104fb31c-adc2-4b14-8225-a347d779e632].
[2022-01-18 22:09:44.763452] Notifying the controller request [104fb31c-adc2-4b14-8225-a347d779e632] has finished.
[2022-01-18 22:09:44.763539] Processing request [4adf23b7-906a-445e-96d6-f6bd56f9d025]...
[2022-01-18 22:09:44.968890] Finished request [4adf23b7-906a-445e-96d6-f6bd56f9d025].
[2022-01-18 22:09:44.968909] Notifying the controller request [4adf23b7-906a-445e-96d6-f6bd56f9d025] has finished.
[2022-01-18 22:09:44.969310] Processing request [3bcba0de-49c5-4814-bc3e-2c6ba239a8b4]...
[2022-01-18 22:09:45.159254] Getting queried for current state
[2022-01-18 22:09:45.172153] Finished request [3bcba0de-49c5-4814-bc3e-2c6ba239a8b4].
[2022-01-18 22:09:45.172205] Notifying the controller request [3bcba0de-49c5-4814-bc3e-2c6ba239a8b4] has finished.
[2022-01-18 22:09:45.172960] Processing request [a69397eb-7b3a-4cc1-8619-22066aaae25f]...
[2022-01-18 22:09:45.374071] Finished request [a69397eb-7b3a-4cc1-8619-22066aaae25f].
[2022-01-18 22:09:45.374139] Notifying the controller request [a69397eb-7b3a-4cc1-8619-22066aaae25f] has finished.
[2022-01-18 22:09:45.374532] Processing request [f57d5a8a-db75-4971-a72e-1dd10993337c]...
[2022-01-18 22:09:45.574638] Finished request [f57d5a8a-db75-4971-a72e-1dd10993337c].
[2022-01-18 22:09:45.574682] Notifying the controller request [f57d5a8a-db75-4971-a72e-1dd10993337c] has finished.
[2022-01-18 22:09:45.574775] Processing request [7bea1773-9d22-4b11-9cac-929858feef95]...
[2022-01-18 22:09:45.666392] Getting queried for current state
[2022-01-18 22:09:45.775117] Finished request [7bea1773-9d22-4b11-9cac-929858feef95].
[2022-01-18 22:09:45.775143] Notifying the controller request [7bea1773-9d22-4b11-9cac-929858feef95] has finished.
[2022-01-18 22:09:45.775232] Processing request [cb06a0d9-e3d5-45c4-8698-ac96c8345e42]...
[2022-01-18 22:09:45.978930] Finished request [cb06a0d9-e3d5-45c4-8698-ac96c8345e42].
[2022-01-18 22:09:45.978946] Notifying the controller request [cb06a0d9-e3d5-45c4-8698-ac96c8345e42] has finished.
[2022-01-18 22:09:45.979307] Processing request [dec91c7e-9c25-43e6-90a6-0f1837ee6297]...
[2022-01-18 22:09:46.173254] Getting queried for current state
[2022-01-18 22:09:46.184509] Finished request [dec91c7e-9c25-43e6-90a6-0f1837ee6297].
[2022-01-18 22:09:46.184549] Notifying the controller request [dec91c7e-9c25-43e6-90a6-0f1837ee6297] has finished.
[2022-01-18 22:09:46.185255] Processing request [15842a53-8057-4e53-be21-e147ded8e588]...
[2022-01-18 22:09:46.388594] Finished request [15842a53-8057-4e53-be21-e147ded8e588].
[2022-01-18 22:09:46.388607] Notifying the controller request [15842a53-8057-4e53-be21-e147ded8e588] has finished.
[2022-01-18 22:09:46.388666] Processing request [34186195-b88a-4650-a173-ff8f0ac247e1]...
[2022-01-18 22:09:46.591825] Finished request [34186195-b88a-4650-a173-ff8f0ac247e1].
[2022-01-18 22:09:46.591857] Notifying the controller request [34186195-b88a-4650-a173-ff8f0ac247e1] has finished.
[2022-01-18 22:09:46.592492] Processing request [371bcc6b-4fee-45b5-bfd9-0330070bd610]...
[2022-01-18 22:09:46.681558] Getting queried for current state
[2022-01-18 22:09:46.797045] Finished request [371bcc6b-4fee-45b5-bfd9-0330070bd610].
[2022-01-18 22:09:46.797089] Notifying the controller request [371bcc6b-4fee-45b5-bfd9-0330070bd610] has finished.
[2022-01-18 22:09:46.797219] Processing request [2eeca527-1176-4bce-91ab-5fdcab423ed9]...
[2022-01-18 22:09:47.002257] Finished request [2eeca527-1176-4bce-91ab-5fdcab423ed9].
[2022-01-18 22:09:47.002277] Notifying the controller request [2eeca527-1176-4bce-91ab-5fdcab423ed9] has finished.
[2022-01-18 22:09:47.002891] Processing request [5b1ad84b-605d-4b87-9319-70552a9aba7f]...
[2022-01-18 22:09:47.189422] Getting queried for current state
[2022-01-18 22:09:47.205499] Finished request [5b1ad84b-605d-4b87-9319-70552a9aba7f].
[2022-01-18 22:09:47.205519] Notifying the controller request [5b1ad84b-605d-4b87-9319-70552a9aba7f] has finished.
[2022-01-18 22:09:47.206160] Processing request [f172dfa7-680f-4fa3-a14c-961d49e41bb1]...
[2022-01-18 22:09:47.407500] Finished request [f172dfa7-680f-4fa3-a14c-961d49e41bb1].
[2022-01-18 22:09:47.407517] Notifying the controller request [f172dfa7-680f-4fa3-a14c-961d49e41bb1] has finished.
[2022-01-18 22:09:47.407994] Processing request [d247f7ff-3525-48e6-b1c4-9eecdff52143]...
[2022-01-18 22:09:47.613027] Finished request [d247f7ff-3525-48e6-b1c4-9eecdff52143].
[2022-01-18 22:09:47.613046] Notifying the controller request [d247f7ff-3525-48e6-b1c4-9eecdff52143] has finished.
[2022-01-18 22:09:47.613150] Processing request [9898a0b5-e298-4bd9-a7be-bb017e1e70f7]...
[2022-01-18 22:09:47.697670] Getting queried for current state
[2022-01-18 22:09:47.816109] Finished request [9898a0b5-e298-4bd9-a7be-bb017e1e70f7].
[2022-01-18 22:09:47.816129] Notifying the controller request [9898a0b5-e298-4bd9-a7be-bb017e1e70f7] has finished.
[2022-01-18 22:09:47.816835] Processing request [5106506e-eb92-44e8-8794-fabf7b18c541]...
[2022-01-18 22:09:48.019296] Finished request [5106506e-eb92-44e8-8794-fabf7b18c541].
[2022-01-18 22:09:48.019354] Notifying the controller request [5106506e-eb92-44e8-8794-fabf7b18c541] has finished.
[2022-01-18 22:09:48.020000] Processing request [8f281466-8a6d-40e8-a16a-220d22e0e6ed]...
[2022-01-18 22:09:48.201168] Getting queried for current state
[2022-01-18 22:09:48.224274] Finished request [8f281466-8a6d-40e8-a16a-220d22e0e6ed].
[2022-01-18 22:09:48.224315] Notifying the controller request [8f281466-8a6d-40e8-a16a-220d22e0e6ed] has finished.
[2022-01-18 22:09:48.224462] Processing request [efd948b6-7041-4e0f-89e5-4d43fd4e7603]...
[2022-01-18 22:09:48.429735] Finished request [efd948b6-7041-4e0f-89e5-4d43fd4e7603].
[2022-01-18 22:09:48.429785] Notifying the controller request [efd948b6-7041-4e0f-89e5-4d43fd4e7603] has finished.
[2022-01-18 22:09:48.430395] Processing request [df42d0d2-ca67-4d82-a353-1b7a0ddebf46]...
[2022-01-18 22:09:48.635675] Finished request [df42d0d2-ca67-4d82-a353-1b7a0ddebf46].
[2022-01-18 22:09:48.635716] Notifying the controller request [df42d0d2-ca67-4d82-a353-1b7a0ddebf46] has finished.
[2022-01-18 22:09:48.635858] Processing request [11987a47-8bfc-43b0-b470-762f3e3aa456]...
[2022-01-18 22:09:48.705827] Getting queried for current state
[2022-01-18 22:09:48.838566] Finished request [11987a47-8bfc-43b0-b470-762f3e3aa456].
[2022-01-18 22:09:48.838623] Notifying the controller request [11987a47-8bfc-43b0-b470-762f3e3aa456] has finished.
[2022-01-18 22:09:48.839202] Processing request [470806cd-71e3-4b7f-818e-47764f6e27a3]...
[2022-01-18 22:09:49.043580] Finished request [470806cd-71e3-4b7f-818e-47764f6e27a3].
[2022-01-18 22:09:49.043612] Notifying the controller request [470806cd-71e3-4b7f-818e-47764f6e27a3] has finished.
[2022-01-18 22:09:49.044095] Processing request [cafd2c72-2fdf-48df-96c6-b69b1375d820]...
[2022-01-18 22:09:49.207672] Getting queried for current state
[2022-01-18 22:09:49.249390] Finished request [cafd2c72-2fdf-48df-96c6-b69b1375d820].
[2022-01-18 22:09:49.249398] Notifying the controller request [cafd2c72-2fdf-48df-96c6-b69b1375d820] has finished.
[2022-01-18 22:09:49.249585] Processing request [ee1e7e40-5422-4e5c-9c4b-b23878ec37f3]...
[2022-01-18 22:09:49.454979] Finished request [ee1e7e40-5422-4e5c-9c4b-b23878ec37f3].
[2022-01-18 22:09:49.454991] Notifying the controller request [ee1e7e40-5422-4e5c-9c4b-b23878ec37f3] has finished.
[2022-01-18 22:09:49.455397] Processing request [cc16a230-c75d-4c57-a9ad-0b7f8824dc85]...
[2022-01-18 22:09:49.657612] Finished request [cc16a230-c75d-4c57-a9ad-0b7f8824dc85].
[2022-01-18 22:09:49.657631] Notifying the controller request [cc16a230-c75d-4c57-a9ad-0b7f8824dc85] has finished.
[2022-01-18 22:09:49.657736] Processing request [dded5840-10e0-4d9f-aeea-db0d06950dea]...
[2022-01-18 22:09:49.709453] Getting queried for current state
[2022-01-18 22:09:49.863083] Finished request [dded5840-10e0-4d9f-aeea-db0d06950dea].
[2022-01-18 22:09:49.863115] Notifying the controller request [dded5840-10e0-4d9f-aeea-db0d06950dea] has finished.
[2022-01-18 22:09:49.863204] Processing request [5591a9a6-ed85-4baa-a203-e5a2c7c6a781]...
[2022-01-18 22:09:50.068267] Finished request [5591a9a6-ed85-4baa-a203-e5a2c7c6a781].
[2022-01-18 22:09:50.068307] Notifying the controller request [5591a9a6-ed85-4baa-a203-e5a2c7c6a781] has finished.
[2022-01-18 22:09:50.068424] Processing request [773ce800-2d05-40e3-a1c4-c264ce2c93b9]...
[2022-01-18 22:09:50.210973] Getting queried for current state
[2022-01-18 22:09:50.271888] Finished request [773ce800-2d05-40e3-a1c4-c264ce2c93b9].
[2022-01-18 22:09:50.271929] Notifying the controller request [773ce800-2d05-40e3-a1c4-c264ce2c93b9] has finished.
[2022-01-18 22:09:50.714515] Getting queried for current state
[2022-01-18 22:09:51.219560] Getting queried for current state
[2022-01-18 22:09:51.721402] Getting queried for current state
[2022-01-18 22:09:52.224894] Getting queried for current state
[2022-01-18 22:09:52.730115] Getting queried for current state
[2022-01-18 22:09:53.138648] Stopping virtual machine [Thread-2]...
[2022-01-18 22:09:53.138693] Stopping virtual machine [Thread-2]...
[2022-01-18 22:09:54.274077] Virtual Machine Thread-2 stopped.
