[2022-01-18 18:37:40.183967] Starting virtual machine Thread-1...
[2022-01-18 18:37:40.186002] Received request [38b35354-1353-421e-bf7e-acc58d822e1b] with 1 Tasks.
[2022-01-18 18:37:40.186006] Enquing the request...
[2022-01-18 18:37:40.186144] Received request [fed7d379-358f-4a04-b8c4-8163cb47accd] with 1 Tasks.
[2022-01-18 18:37:40.186146] Enquing the request...
[2022-01-18 18:37:40.186250] Processing request [38b35354-1353-421e-bf7e-acc58d822e1b]...
[2022-01-18 18:37:40.186255] Finished request [38b35354-1353-421e-bf7e-acc58d822e1b].
[2022-01-18 18:37:40.186258] Notifying the controller request [38b35354-1353-421e-bf7e-acc58d822e1b] has finished.
[2022-01-18 18:37:40.186270] Processing request [fed7d379-358f-4a04-b8c4-8163cb47accd]...
[2022-01-18 18:37:40.186276] Finished request [fed7d379-358f-4a04-b8c4-8163cb47accd].
[2022-01-18 18:37:40.186279] Notifying the controller request [fed7d379-358f-4a04-b8c4-8163cb47accd] has finished.
[2022-01-18 18:37:40.187130] Received request [1c7b2911-67dc-4e1e-b05f-f3f5c3ab8957] with 1 Tasks.
[2022-01-18 18:37:40.187134] Enquing the request...
[2022-01-18 18:37:40.187471] Processing request [1c7b2911-67dc-4e1e-b05f-f3f5c3ab8957]...
[2022-01-18 18:37:40.187488] Finished request [1c7b2911-67dc-4e1e-b05f-f3f5c3ab8957].
[2022-01-18 18:37:40.187494] Notifying the controller request [1c7b2911-67dc-4e1e-b05f-f3f5c3ab8957] has finished.
[2022-01-18 18:37:40.191586] Received request [57cade59-a085-4f19-b52a-06b44cbc4d0f] with 1 Tasks.
[2022-01-18 18:37:40.191589] Enquing the request...
[2022-01-18 18:37:40.192114] Received request [1925b50d-07d9-4ceb-9b21-13c8463c8115] with 1 Tasks.
[2022-01-18 18:37:40.192117] Enquing the request...
[2022-01-18 18:37:40.192459] Processing request [57cade59-a085-4f19-b52a-06b44cbc4d0f]...
[2022-01-18 18:37:40.192472] Finished request [57cade59-a085-4f19-b52a-06b44cbc4d0f].
[2022-01-18 18:37:40.192478] Notifying the controller request [57cade59-a085-4f19-b52a-06b44cbc4d0f] has finished.
[2022-01-18 18:37:40.192502] Processing request [1925b50d-07d9-4ceb-9b21-13c8463c8115]...
[2022-01-18 18:37:40.192521] Finished request [1925b50d-07d9-4ceb-9b21-13c8463c8115].
[2022-01-18 18:37:40.192526] Notifying the controller request [1925b50d-07d9-4ceb-9b21-13c8463c8115] has finished.
[2022-01-18 18:37:40.196395] Received request [3571c005-4c16-47b1-960b-e461c4a70f0f] with 1 Tasks.
[2022-01-18 18:37:40.196399] Enquing the request...
[2022-01-18 18:37:40.197158] Processing request [3571c005-4c16-47b1-960b-e461c4a70f0f]...
[2022-01-18 18:37:40.197181] Finished request [3571c005-4c16-47b1-960b-e461c4a70f0f].
[2022-01-18 18:37:40.197188] Notifying the controller request [3571c005-4c16-47b1-960b-e461c4a70f0f] has finished.
[2022-01-18 18:37:40.197328] Received request [5a474b30-51d6-4cad-b35c-e9f41e9b9cdf] with 1 Tasks.
[2022-01-18 18:37:40.197331] Enquing the request...
[2022-01-18 18:37:40.197997] Received request [3e8a40b5-7a70-4e99-a0e2-f27f45d8535d] with 1 Tasks.
[2022-01-18 18:37:40.197999] Enquing the request...
[2022-01-18 18:37:40.198957] Processing request [5a474b30-51d6-4cad-b35c-e9f41e9b9cdf]...
[2022-01-18 18:37:40.198974] Finished request [5a474b30-51d6-4cad-b35c-e9f41e9b9cdf].
[2022-01-18 18:37:40.198980] Notifying the controller request [5a474b30-51d6-4cad-b35c-e9f41e9b9cdf] has finished.
[2022-01-18 18:37:40.199183] Processing request [3e8a40b5-7a70-4e99-a0e2-f27f45d8535d]...
[2022-01-18 18:37:40.199193] Finished request [3e8a40b5-7a70-4e99-a0e2-f27f45d8535d].
[2022-01-18 18:37:40.199197] Notifying the controller request [3e8a40b5-7a70-4e99-a0e2-f27f45d8535d] has finished.
[2022-01-18 18:37:40.200924] Received request [c9b8e5bc-bfe6-4d83-94b8-7e60835fc0e2] with 1 Tasks.
[2022-01-18 18:37:40.200926] Enquing the request...
[2022-01-18 18:37:40.201001] Processing request [c9b8e5bc-bfe6-4d83-94b8-7e60835fc0e2]...
[2022-01-18 18:37:40.201010] Finished request [c9b8e5bc-bfe6-4d83-94b8-7e60835fc0e2].
[2022-01-18 18:37:40.201013] Notifying the controller request [c9b8e5bc-bfe6-4d83-94b8-7e60835fc0e2] has finished.
[2022-01-18 18:37:40.225280] Received request [6fc02b04-7c13-4019-af17-a963ac745b49] with 1 Tasks.
[2022-01-18 18:37:40.225283] Enquing the request...
[2022-01-18 18:37:40.225483] Received request [ff07c531-c213-4e9a-83a9-b21e61089e16] with 1 Tasks.
[2022-01-18 18:37:40.225487] Enquing the request...
[2022-01-18 18:37:40.225624] Processing request [6fc02b04-7c13-4019-af17-a963ac745b49]...
[2022-01-18 18:37:40.225635] Finished request [6fc02b04-7c13-4019-af17-a963ac745b49].
[2022-01-18 18:37:40.225639] Notifying the controller request [6fc02b04-7c13-4019-af17-a963ac745b49] has finished.
[2022-01-18 18:37:40.225661] Processing request [ff07c531-c213-4e9a-83a9-b21e61089e16]...
[2022-01-18 18:37:40.225669] Finished request [ff07c531-c213-4e9a-83a9-b21e61089e16].
[2022-01-18 18:37:40.225671] Notifying the controller request [ff07c531-c213-4e9a-83a9-b21e61089e16] has finished.
[2022-01-18 18:37:40.237045] Received request [d461ec3c-d462-471e-8220-d5b3e27d90be] with 1 Tasks.
[2022-01-18 18:37:40.237048] Enquing the request...
[2022-01-18 18:37:40.237143] Processing request [d461ec3c-d462-471e-8220-d5b3e27d90be]...
[2022-01-18 18:37:40.237151] Finished request [d461ec3c-d462-471e-8220-d5b3e27d90be].
[2022-01-18 18:37:40.237154] Notifying the controller request [d461ec3c-d462-471e-8220-d5b3e27d90be] has finished.
[2022-01-18 18:37:40.238662] Received request [7062d875-69a6-4d43-b97e-03c753d0c4f0] with 1 Tasks.
[2022-01-18 18:37:40.238667] Enquing the request...
[2022-01-18 18:37:40.238777] Received request [7c6314b3-06c7-430a-a704-ac80fe23e4f3] with 1 Tasks.
[2022-01-18 18:37:40.238781] Enquing the request...
[2022-01-18 18:37:40.239244] Processing request [7062d875-69a6-4d43-b97e-03c753d0c4f0]...
[2022-01-18 18:37:40.239251] Finished request [7062d875-69a6-4d43-b97e-03c753d0c4f0].
[2022-01-18 18:37:40.239254] Notifying the controller request [7062d875-69a6-4d43-b97e-03c753d0c4f0] has finished.
[2022-01-18 18:37:40.239268] Processing request [7c6314b3-06c7-430a-a704-ac80fe23e4f3]...
[2022-01-18 18:37:40.239274] Finished request [7c6314b3-06c7-430a-a704-ac80fe23e4f3].
[2022-01-18 18:37:40.239277] Notifying the controller request [7c6314b3-06c7-430a-a704-ac80fe23e4f3] has finished.
[2022-01-18 18:37:40.240663] Received request [a965a413-b373-4b9a-b3e9-a8f268316877] with 1 Tasks.
[2022-01-18 18:37:40.240667] Enquing the request...
[2022-01-18 18:37:40.240808] Processing request [a965a413-b373-4b9a-b3e9-a8f268316877]...
[2022-01-18 18:37:40.240821] Finished request [a965a413-b373-4b9a-b3e9-a8f268316877].
[2022-01-18 18:37:40.240825] Notifying the controller request [a965a413-b373-4b9a-b3e9-a8f268316877] has finished.
[2022-01-18 18:37:40.242915] Received request [ef2473d1-58cd-4cab-a335-9d8255c9813c] with 1 Tasks.
[2022-01-18 18:37:40.242918] Enquing the request...
[2022-01-18 18:37:40.242966] Processing request [ef2473d1-58cd-4cab-a335-9d8255c9813c]...
[2022-01-18 18:37:40.242978] Finished request [ef2473d1-58cd-4cab-a335-9d8255c9813c].
[2022-01-18 18:37:40.242982] Notifying the controller request [ef2473d1-58cd-4cab-a335-9d8255c9813c] has finished.
[2022-01-18 18:37:40.243919] Received request [89b5de53-8447-4a69-9216-580d0503363b] with 1 Tasks.
[2022-01-18 18:37:40.243923] Enquing the request...
[2022-01-18 18:37:40.243984] Processing request [89b5de53-8447-4a69-9216-580d0503363b]...
[2022-01-18 18:37:40.244001] Finished request [89b5de53-8447-4a69-9216-580d0503363b].
[2022-01-18 18:37:40.244006] Notifying the controller request [89b5de53-8447-4a69-9216-580d0503363b] has finished.
[2022-01-18 18:37:40.247050] Received request [9dc1c788-f7d6-44f5-859a-2f23fd2329f5] with 1 Tasks.
[2022-01-18 18:37:40.247052] Enquing the request...
[2022-01-18 18:37:40.247199] Received request [4ff674e8-6d55-45fc-aaa3-7dface0b24f9] with 1 Tasks.
[2022-01-18 18:37:40.247238] Enquing the request...
[2022-01-18 18:37:40.247552] Processing request [9dc1c788-f7d6-44f5-859a-2f23fd2329f5]...
[2022-01-18 18:37:40.247566] Finished request [9dc1c788-f7d6-44f5-859a-2f23fd2329f5].
[2022-01-18 18:37:40.247572] Notifying the controller request [9dc1c788-f7d6-44f5-859a-2f23fd2329f5] has finished.
[2022-01-18 18:37:40.247918] Processing request [4ff674e8-6d55-45fc-aaa3-7dface0b24f9]...
[2022-01-18 18:37:40.248020] Finished request [4ff674e8-6d55-45fc-aaa3-7dface0b24f9].
[2022-01-18 18:37:40.248029] Notifying the controller request [4ff674e8-6d55-45fc-aaa3-7dface0b24f9] has finished.
[2022-01-18 18:37:40.248439] Received request [5eafd376-51f5-482e-996f-8312850435e2] with 1 Tasks.
[2022-01-18 18:37:40.248442] Enquing the request...
[2022-01-18 18:37:40.248623] Received request [ca3ea4cb-ce8b-4999-9e45-cf54b8a6d1eb] with 1 Tasks.
[2022-01-18 18:37:40.248626] Enquing the request...
[2022-01-18 18:37:40.248744] Processing request [5eafd376-51f5-482e-996f-8312850435e2]...
[2022-01-18 18:37:40.248754] Finished request [5eafd376-51f5-482e-996f-8312850435e2].
[2022-01-18 18:37:40.248757] Notifying the controller request [5eafd376-51f5-482e-996f-8312850435e2] has finished.
[2022-01-18 18:37:40.248779] Processing request [ca3ea4cb-ce8b-4999-9e45-cf54b8a6d1eb]...
[2022-01-18 18:37:40.248787] Finished request [ca3ea4cb-ce8b-4999-9e45-cf54b8a6d1eb].
[2022-01-18 18:37:40.248790] Notifying the controller request [ca3ea4cb-ce8b-4999-9e45-cf54b8a6d1eb] has finished.
[2022-01-18 18:37:40.252338] Received request [8d594b01-d400-4ba0-a6c7-7a4bd12fb09d] with 1 Tasks.
[2022-01-18 18:37:40.252341] Enquing the request...
[2022-01-18 18:37:40.253259] Processing request [8d594b01-d400-4ba0-a6c7-7a4bd12fb09d]...
[2022-01-18 18:37:40.253277] Finished request [8d594b01-d400-4ba0-a6c7-7a4bd12fb09d].
[2022-01-18 18:37:40.253282] Notifying the controller request [8d594b01-d400-4ba0-a6c7-7a4bd12fb09d] has finished.
[2022-01-18 18:37:40.255210] Received request [443d3b2f-35a7-4881-894c-b1c541ad0ae6] with 1 Tasks.
[2022-01-18 18:37:40.255213] Enquing the request...
[2022-01-18 18:37:40.255411] Processing request [443d3b2f-35a7-4881-894c-b1c541ad0ae6]...
[2022-01-18 18:37:40.255420] Finished request [443d3b2f-35a7-4881-894c-b1c541ad0ae6].
[2022-01-18 18:37:40.255423] Notifying the controller request [443d3b2f-35a7-4881-894c-b1c541ad0ae6] has finished.
[2022-01-18 18:37:40.258409] Received request [7a7e9440-4f5e-4809-89f2-beee3b1b7d66] with 1 Tasks.
[2022-01-18 18:37:40.258411] Enquing the request...
[2022-01-18 18:37:40.258462] Processing request [7a7e9440-4f5e-4809-89f2-beee3b1b7d66]...
[2022-01-18 18:37:40.258476] Finished request [7a7e9440-4f5e-4809-89f2-beee3b1b7d66].
[2022-01-18 18:37:40.258480] Notifying the controller request [7a7e9440-4f5e-4809-89f2-beee3b1b7d66] has finished.
[2022-01-18 18:37:40.262988] Received request [b57bfab1-7183-4873-921d-d299a35f6245] with 1 Tasks.
[2022-01-18 18:37:40.262992] Enquing the request...
[2022-01-18 18:37:40.263117] Processing request [b57bfab1-7183-4873-921d-d299a35f6245]...
[2022-01-18 18:37:40.263146] Finished request [b57bfab1-7183-4873-921d-d299a35f6245].
[2022-01-18 18:37:40.263151] Notifying the controller request [b57bfab1-7183-4873-921d-d299a35f6245] has finished.
[2022-01-18 18:37:40.269708] Received request [c73c8350-c71a-454d-ab1b-22905b89fcda] with 1 Tasks.
[2022-01-18 18:37:40.269711] Enquing the request...
[2022-01-18 18:37:40.269803] Processing request [c73c8350-c71a-454d-ab1b-22905b89fcda]...
[2022-01-18 18:37:40.269815] Finished request [c73c8350-c71a-454d-ab1b-22905b89fcda].
[2022-01-18 18:37:40.269818] Notifying the controller request [c73c8350-c71a-454d-ab1b-22905b89fcda] has finished.
[2022-01-18 18:37:40.274449] Stopping virtual machine Thread-1...
[2022-01-18 18:37:40.274466] Stopping virtual machine Thread-1...
