[2022-01-18 18:37:40.184583] Starting virtual machine Thread-3...
[2022-01-18 18:37:40.185672] Received request [16168498-318c-47eb-a010-d2fb9ebfe744] with 1 Tasks.
[2022-01-18 18:37:40.185675] Enquing the request...
[2022-01-18 18:37:40.185746] Received request [f61a6528-2dec-4268-9822-cab44d1879ec] with 1 Tasks.
[2022-01-18 18:37:40.185749] Enquing the request...
[2022-01-18 18:37:40.185802] Received request [cb4115fa-881d-4ee3-bd2c-08168ab3a143] with 1 Tasks.
[2022-01-18 18:37:40.185804] Enquing the request...
[2022-01-18 18:37:40.186172] Processing request [16168498-318c-47eb-a010-d2fb9ebfe744]...
[2022-01-18 18:37:40.186178] Finished request [16168498-318c-47eb-a010-d2fb9ebfe744].
[2022-01-18 18:37:40.186183] Notifying the controller request [16168498-318c-47eb-a010-d2fb9ebfe744] has finished.
[2022-01-18 18:37:40.186198] Processing request [f61a6528-2dec-4268-9822-cab44d1879ec]...
[2022-01-18 18:37:40.186203] Finished request [f61a6528-2dec-4268-9822-cab44d1879ec].
[2022-01-18 18:37:40.186206] Notifying the controller request [f61a6528-2dec-4268-9822-cab44d1879ec] has finished.
[2022-01-18 18:37:40.186218] Processing request [cb4115fa-881d-4ee3-bd2c-08168ab3a143]...
[2022-01-18 18:37:40.186224] Finished request [cb4115fa-881d-4ee3-bd2c-08168ab3a143].
[2022-01-18 18:37:40.186226] Notifying the controller request [cb4115fa-881d-4ee3-bd2c-08168ab3a143] has finished.
[2022-01-18 18:37:40.187211] Received request [64b028a5-ceec-4a28-9a86-5bcf682d19b2] with 1 Tasks.
[2022-01-18 18:37:40.187213] Enquing the request...
[2022-01-18 18:37:40.187589] Processing request [64b028a5-ceec-4a28-9a86-5bcf682d19b2]...
[2022-01-18 18:37:40.187606] Finished request [64b028a5-ceec-4a28-9a86-5bcf682d19b2].
[2022-01-18 18:37:40.187610] Notifying the controller request [64b028a5-ceec-4a28-9a86-5bcf682d19b2] has finished.
[2022-01-18 18:37:40.189014] Received request [2c633231-4900-4c97-841d-c969937a9af6] with 1 Tasks.
[2022-01-18 18:37:40.189016] Enquing the request...
[2022-01-18 18:37:40.189325] Processing request [2c633231-4900-4c97-841d-c969937a9af6]...
[2022-01-18 18:37:40.189347] Finished request [2c633231-4900-4c97-841d-c969937a9af6].
[2022-01-18 18:37:40.189354] Notifying the controller request [2c633231-4900-4c97-841d-c969937a9af6] has finished.
[2022-01-18 18:37:40.189691] Received request [ad67b51a-4852-4c0e-8f78-387ef65448dd] with 1 Tasks.
[2022-01-18 18:37:40.189696] Enquing the request...
[2022-01-18 18:37:40.191192] Processing request [ad67b51a-4852-4c0e-8f78-387ef65448dd]...
[2022-01-18 18:37:40.191208] Finished request [ad67b51a-4852-4c0e-8f78-387ef65448dd].
[2022-01-18 18:37:40.191212] Notifying the controller request [ad67b51a-4852-4c0e-8f78-387ef65448dd] has finished.
[2022-01-18 18:37:40.191751] Received request [9bfa46f9-065f-40d7-841b-cebbb6d83e1b] with 1 Tasks.
[2022-01-18 18:37:40.191754] Enquing the request...
[2022-01-18 18:37:40.192000] Received request [209b9eff-8db2-420b-b1a7-e21367a96c5e] with 1 Tasks.
[2022-01-18 18:37:40.192002] Enquing the request...
[2022-01-18 18:37:40.192054] Received request [faf4684f-c36d-4994-bedb-fa16acfb423e] with 1 Tasks.
[2022-01-18 18:37:40.192057] Enquing the request...
[2022-01-18 18:37:40.193497] Processing request [9bfa46f9-065f-40d7-841b-cebbb6d83e1b]...
[2022-01-18 18:37:40.193505] Finished request [9bfa46f9-065f-40d7-841b-cebbb6d83e1b].
[2022-01-18 18:37:40.193510] Notifying the controller request [9bfa46f9-065f-40d7-841b-cebbb6d83e1b] has finished.
[2022-01-18 18:37:40.195710] Processing request [209b9eff-8db2-420b-b1a7-e21367a96c5e]...
[2022-01-18 18:37:40.195784] Finished request [209b9eff-8db2-420b-b1a7-e21367a96c5e].
[2022-01-18 18:37:40.195797] Notifying the controller request [209b9eff-8db2-420b-b1a7-e21367a96c5e] has finished.
[2022-01-18 18:37:40.196581] Processing request [faf4684f-c36d-4994-bedb-fa16acfb423e]...
[2022-01-18 18:37:40.196601] Finished request [faf4684f-c36d-4994-bedb-fa16acfb423e].
[2022-01-18 18:37:40.196605] Notifying the controller request [faf4684f-c36d-4994-bedb-fa16acfb423e] has finished.
[2022-01-18 18:37:40.197456] Received request [7ccca196-7eaa-4ea9-b8c7-1d9a1658a798] with 1 Tasks.
[2022-01-18 18:37:40.197459] Enquing the request...
[2022-01-18 18:37:40.197870] Received request [4a582a6d-9099-4bb0-8d64-5fc79efc3b08] with 1 Tasks.
[2022-01-18 18:37:40.197872] Enquing the request...
[2022-01-18 18:37:40.197940] Received request [47612859-41dd-4f7c-9e7e-9addc35106cc] with 1 Tasks.
[2022-01-18 18:37:40.197942] Enquing the request...
[2022-01-18 18:37:40.198050] Received request [de54757b-3820-44fd-9531-6f140abc37c2] with 1 Tasks.
[2022-01-18 18:37:40.198052] Enquing the request...
[2022-01-18 18:37:40.198581] Processing request [7ccca196-7eaa-4ea9-b8c7-1d9a1658a798]...
[2022-01-18 18:37:40.198595] Finished request [7ccca196-7eaa-4ea9-b8c7-1d9a1658a798].
[2022-01-18 18:37:40.198598] Notifying the controller request [7ccca196-7eaa-4ea9-b8c7-1d9a1658a798] has finished.
[2022-01-18 18:37:40.198624] Processing request [4a582a6d-9099-4bb0-8d64-5fc79efc3b08]...
[2022-01-18 18:37:40.198631] Finished request [4a582a6d-9099-4bb0-8d64-5fc79efc3b08].
[2022-01-18 18:37:40.198635] Notifying the controller request [4a582a6d-9099-4bb0-8d64-5fc79efc3b08] has finished.
[2022-01-18 18:37:40.198648] Processing request [47612859-41dd-4f7c-9e7e-9addc35106cc]...
[2022-01-18 18:37:40.198653] Finished request [47612859-41dd-4f7c-9e7e-9addc35106cc].
[2022-01-18 18:37:40.198656] Notifying the controller request [47612859-41dd-4f7c-9e7e-9addc35106cc] has finished.
[2022-01-18 18:37:40.198668] Processing request [de54757b-3820-44fd-9531-6f140abc37c2]...
[2022-01-18 18:37:40.198675] Finished request [de54757b-3820-44fd-9531-6f140abc37c2].
[2022-01-18 18:37:40.198678] Notifying the controller request [de54757b-3820-44fd-9531-6f140abc37c2] has finished.
[2022-01-18 18:37:40.199951] Received request [bf258689-953d-418e-8796-86f4907b4cb8] with 1 Tasks.
[2022-01-18 18:37:40.199953] Enquing the request...
[2022-01-18 18:37:40.200432] Received request [e1eb1a68-37cc-45ac-90bf-563f8199f643] with 1 Tasks.
[2022-01-18 18:37:40.200436] Enquing the request...
[2022-01-18 18:37:40.200560] Processing request [bf258689-953d-418e-8796-86f4907b4cb8]...
[2022-01-18 18:37:40.200574] Finished request [bf258689-953d-418e-8796-86f4907b4cb8].
[2022-01-18 18:37:40.200579] Notifying the controller request [bf258689-953d-418e-8796-86f4907b4cb8] has finished.
[2022-01-18 18:37:40.200679] Processing request [e1eb1a68-37cc-45ac-90bf-563f8199f643]...
[2022-01-18 18:37:40.200687] Finished request [e1eb1a68-37cc-45ac-90bf-563f8199f643].
[2022-01-18 18:37:40.200690] Notifying the controller request [e1eb1a68-37cc-45ac-90bf-563f8199f643] has finished.
[2022-01-18 18:37:40.206605] Received request [c5c0f186-fd8a-4de4-8a3f-932bc2879239] with 1 Tasks.
[2022-01-18 18:37:40.206610] Enquing the request...
[2022-01-18 18:37:40.206670] Processing request [c5c0f186-fd8a-4de4-8a3f-932bc2879239]...
[2022-01-18 18:37:40.206689] Finished request [c5c0f186-fd8a-4de4-8a3f-932bc2879239].
[2022-01-18 18:37:40.206695] Notifying the controller request [c5c0f186-fd8a-4de4-8a3f-932bc2879239] has finished.
[2022-01-18 18:37:40.220033] Received request [d74a3ff7-3774-4dbe-9f75-5fd541ce98fc] with 1 Tasks.
[2022-01-18 18:37:40.220036] Enquing the request...
[2022-01-18 18:37:40.220091] Processing request [d74a3ff7-3774-4dbe-9f75-5fd541ce98fc]...
[2022-01-18 18:37:40.220118] Finished request [d74a3ff7-3774-4dbe-9f75-5fd541ce98fc].
[2022-01-18 18:37:40.220123] Notifying the controller request [d74a3ff7-3774-4dbe-9f75-5fd541ce98fc] has finished.
[2022-01-18 18:37:40.223736] Received request [695df969-2ee4-49a0-830c-0068f8919520] with 1 Tasks.
[2022-01-18 18:37:40.223739] Enquing the request...
[2022-01-18 18:37:40.223794] Processing request [695df969-2ee4-49a0-830c-0068f8919520]...
[2022-01-18 18:37:40.223810] Finished request [695df969-2ee4-49a0-830c-0068f8919520].
[2022-01-18 18:37:40.223814] Notifying the controller request [695df969-2ee4-49a0-830c-0068f8919520] has finished.
[2022-01-18 18:37:40.225377] Received request [ca253edf-2dc3-4a37-acff-7fb8cbd0009a] with 1 Tasks.
[2022-01-18 18:37:40.225380] Enquing the request...
[2022-01-18 18:37:40.225742] Processing request [ca253edf-2dc3-4a37-acff-7fb8cbd0009a]...
[2022-01-18 18:37:40.225972] Finished request [ca253edf-2dc3-4a37-acff-7fb8cbd0009a].
[2022-01-18 18:37:40.225979] Notifying the controller request [ca253edf-2dc3-4a37-acff-7fb8cbd0009a] has finished.
[2022-01-18 18:37:40.226577] Received request [e039dda3-1de3-4054-884c-a0b4c0d5a8c1] with 1 Tasks.
[2022-01-18 18:37:40.226579] Enquing the request...
[2022-01-18 18:37:40.226960] Processing request [e039dda3-1de3-4054-884c-a0b4c0d5a8c1]...
[2022-01-18 18:37:40.226980] Finished request [e039dda3-1de3-4054-884c-a0b4c0d5a8c1].
[2022-01-18 18:37:40.226986] Notifying the controller request [e039dda3-1de3-4054-884c-a0b4c0d5a8c1] has finished.
[2022-01-18 18:37:40.227581] Received request [2281b681-fdd1-4df6-9ec0-ddc4f783f185] with 1 Tasks.
[2022-01-18 18:37:40.227584] Enquing the request...
[2022-01-18 18:37:40.227688] Processing request [2281b681-fdd1-4df6-9ec0-ddc4f783f185]...
[2022-01-18 18:37:40.227698] Finished request [2281b681-fdd1-4df6-9ec0-ddc4f783f185].
[2022-01-18 18:37:40.227701] Notifying the controller request [2281b681-fdd1-4df6-9ec0-ddc4f783f185] has finished.
[2022-01-18 18:37:40.233929] Received request [bebb2133-bb90-404d-bd47-a3c84cd28b3c] with 1 Tasks.
[2022-01-18 18:37:40.233933] Enquing the request...
[2022-01-18 18:37:40.234050] Processing request [bebb2133-bb90-404d-bd47-a3c84cd28b3c]...
[2022-01-18 18:37:40.234062] Finished request [bebb2133-bb90-404d-bd47-a3c84cd28b3c].
[2022-01-18 18:37:40.234067] Notifying the controller request [bebb2133-bb90-404d-bd47-a3c84cd28b3c] has finished.
[2022-01-18 18:37:40.237726] Received request [235c0602-3de0-483f-8675-9dde71fdd522] with 1 Tasks.
[2022-01-18 18:37:40.237731] Enquing the request...
[2022-01-18 18:37:40.237787] Processing request [235c0602-3de0-483f-8675-9dde71fdd522]...
[2022-01-18 18:37:40.237804] Finished request [235c0602-3de0-483f-8675-9dde71fdd522].
[2022-01-18 18:37:40.237811] Notifying the controller request [235c0602-3de0-483f-8675-9dde71fdd522] has finished.
[2022-01-18 18:37:40.238551] Received request [318137cd-fed2-4b67-a272-ee17da376266] with 1 Tasks.
[2022-01-18 18:37:40.238553] Enquing the request...
[2022-01-18 18:37:40.239182] Processing request [318137cd-fed2-4b67-a272-ee17da376266]...
[2022-01-18 18:37:40.239197] Finished request [318137cd-fed2-4b67-a272-ee17da376266].
[2022-01-18 18:37:40.239202] Notifying the controller request [318137cd-fed2-4b67-a272-ee17da376266] has finished.
[2022-01-18 18:37:40.247840] Received request [c12df779-8cb9-498e-90e8-4cd9176914e2] with 1 Tasks.
[2022-01-18 18:37:40.247843] Enquing the request...
[2022-01-18 18:37:40.248313] Processing request [c12df779-8cb9-498e-90e8-4cd9176914e2]...
[2022-01-18 18:37:40.248332] Finished request [c12df779-8cb9-498e-90e8-4cd9176914e2].
[2022-01-18 18:37:40.248338] Notifying the controller request [c12df779-8cb9-498e-90e8-4cd9176914e2] has finished.
[2022-01-18 18:37:40.254896] Received request [f15a370c-1f90-4ad3-8e92-d1959117c3ff] with 1 Tasks.
[2022-01-18 18:37:40.254899] Enquing the request...
[2022-01-18 18:37:40.255072] Received request [96f2acaf-e4f3-4b5d-9902-036c6bf0108e] with 1 Tasks.
[2022-01-18 18:37:40.255074] Enquing the request...
[2022-01-18 18:37:40.255338] Processing request [f15a370c-1f90-4ad3-8e92-d1959117c3ff]...
[2022-01-18 18:37:40.255347] Finished request [f15a370c-1f90-4ad3-8e92-d1959117c3ff].
[2022-01-18 18:37:40.255349] Notifying the controller request [f15a370c-1f90-4ad3-8e92-d1959117c3ff] has finished.
[2022-01-18 18:37:40.255368] Processing request [96f2acaf-e4f3-4b5d-9902-036c6bf0108e]...
[2022-01-18 18:37:40.255376] Finished request [96f2acaf-e4f3-4b5d-9902-036c6bf0108e].
[2022-01-18 18:37:40.255379] Notifying the controller request [96f2acaf-e4f3-4b5d-9902-036c6bf0108e] has finished.
[2022-01-18 18:37:40.259425] Received request [441e4225-af18-4950-9b7e-b7e7f1303a33] with 1 Tasks.
[2022-01-18 18:37:40.259427] Enquing the request...
[2022-01-18 18:37:40.259616] Received request [4e5e5229-c626-4b6f-87ed-f1c54de16609] with 1 Tasks.
[2022-01-18 18:37:40.259618] Enquing the request...
[2022-01-18 18:37:40.259742] Processing request [441e4225-af18-4950-9b7e-b7e7f1303a33]...
[2022-01-18 18:37:40.259752] Finished request [441e4225-af18-4950-9b7e-b7e7f1303a33].
[2022-01-18 18:37:40.259755] Notifying the controller request [441e4225-af18-4950-9b7e-b7e7f1303a33] has finished.
[2022-01-18 18:37:40.259775] Processing request [4e5e5229-c626-4b6f-87ed-f1c54de16609]...
[2022-01-18 18:37:40.259783] Finished request [4e5e5229-c626-4b6f-87ed-f1c54de16609].
[2022-01-18 18:37:40.259786] Notifying the controller request [4e5e5229-c626-4b6f-87ed-f1c54de16609] has finished.
[2022-01-18 18:37:40.262047] Received request [2e5d4065-2ff0-487e-901f-8345bf4a13de] with 1 Tasks.
[2022-01-18 18:37:40.262053] Enquing the request...
[2022-01-18 18:37:40.262277] Processing request [2e5d4065-2ff0-487e-901f-8345bf4a13de]...
[2022-01-18 18:37:40.262291] Finished request [2e5d4065-2ff0-487e-901f-8345bf4a13de].
[2022-01-18 18:37:40.262297] Notifying the controller request [2e5d4065-2ff0-487e-901f-8345bf4a13de] has finished.
[2022-01-18 18:37:40.267691] Received request [4862a07c-432f-4020-a58b-a0b56931e4ae] with 1 Tasks.
[2022-01-18 18:37:40.267695] Enquing the request...
[2022-01-18 18:37:40.267816] Received request [b042d74c-5be8-4f57-aa85-955ad22f721f] with 1 Tasks.
[2022-01-18 18:37:40.267820] Enquing the request...
[2022-01-18 18:37:40.267927] Received request [8ce0fb7c-684c-44be-838f-98561c34fa57] with 1 Tasks.
[2022-01-18 18:37:40.267930] Enquing the request...
[2022-01-18 18:37:40.269308] Processing request [4862a07c-432f-4020-a58b-a0b56931e4ae]...
[2022-01-18 18:37:40.269321] Finished request [4862a07c-432f-4020-a58b-a0b56931e4ae].
[2022-01-18 18:37:40.269325] Notifying the controller request [4862a07c-432f-4020-a58b-a0b56931e4ae] has finished.
[2022-01-18 18:37:40.269461] Processing request [b042d74c-5be8-4f57-aa85-955ad22f721f]...
[2022-01-18 18:37:40.269473] Finished request [b042d74c-5be8-4f57-aa85-955ad22f721f].
[2022-01-18 18:37:40.269476] Notifying the controller request [b042d74c-5be8-4f57-aa85-955ad22f721f] has finished.
[2022-01-18 18:37:40.269667] Processing request [8ce0fb7c-684c-44be-838f-98561c34fa57]...
[2022-01-18 18:37:40.269679] Finished request [8ce0fb7c-684c-44be-838f-98561c34fa57].
[2022-01-18 18:37:40.269682] Notifying the controller request [8ce0fb7c-684c-44be-838f-98561c34fa57] has finished.
[2022-01-18 18:37:40.274456] Stopping virtual machine Thread-3...
[2022-01-18 18:37:40.274472] Stopping virtual machine Thread-3...
